{"/Users/joshuakessell/Projects/ClubOperationsPOS/packages/shared/realtime/transports/appsync.ts": {"path":"/Users/joshuakessell/Projects/ClubOperationsPOS/packages/shared/realtime/transports/appsync.ts","statementMap":{"0":{"start":{"line":22,"column":2},"end":{"line":22,"column":null}},"1":{"start":{"line":26,"column":2},"end":{"line":26,"column":null}},"2":{"start":{"line":30,"column":28},"end":{"line":30,"column":null}},"3":{"start":{"line":31,"column":27},"end":{"line":31,"column":null}},"4":{"start":{"line":32,"column":15},"end":{"line":32,"column":null}},"5":{"start":{"line":34,"column":26},"end":{"line":40,"column":null}},"6":{"start":{"line":35,"column":4},"end":{"line":39,"column":null}},"7":{"start":{"line":36,"column":6},"end":{"line":36,"column":null}},"8":{"start":{"line":38,"column":6},"end":{"line":38,"column":null}},"9":{"start":{"line":42,"column":19},"end":{"line":42,"column":null}},"10":{"start":{"line":43,"column":2},"end":{"line":84,"column":null}},"11":{"start":{"line":44,"column":4},"end":{"line":44,"column":null}},"12":{"start":{"line":45,"column":18},"end":{"line":45,"column":null}},"13":{"start":{"line":46,"column":4},"end":{"line":46,"column":null}},"14":{"start":{"line":46,"column":23},"end":{"line":46,"column":null}},"15":{"start":{"line":48,"column":4},"end":{"line":58,"column":null}},"16":{"start":{"line":49,"column":21},"end":{"line":49,"column":null}},"17":{"start":{"line":50,"column":6},"end":{"line":53,"column":null}},"18":{"start":{"line":51,"column":8},"end":{"line":51,"column":null}},"19":{"start":{"line":52,"column":8},"end":{"line":52,"column":null}},"20":{"start":{"line":54,"column":6},"end":{"line":56,"column":null}},"21":{"start":{"line":55,"column":8},"end":{"line":55,"column":null}},"22":{"start":{"line":57,"column":6},"end":{"line":57,"column":null}},"23":{"start":{"line":60,"column":4},"end":{"line":67,"column":null}},"24":{"start":{"line":61,"column":6},"end":{"line":61,"column":null}},"25":{"start":{"line":61,"column":27},"end":{"line":61,"column":null}},"26":{"start":{"line":62,"column":6},"end":{"line":62,"column":null}},"27":{"start":{"line":63,"column":6},"end":{"line":65,"column":null}},"28":{"start":{"line":64,"column":8},"end":{"line":64,"column":null}},"29":{"start":{"line":66,"column":6},"end":{"line":66,"column":null}},"30":{"start":{"line":69,"column":4},"end":{"line":69,"column":null}},"31":{"start":{"line":69,"column":26},"end":{"line":69,"column":null}},"32":{"start":{"line":70,"column":4},"end":{"line":70,"column":null}},"33":{"start":{"line":70,"column":25},"end":{"line":70,"column":null}},"34":{"start":{"line":71,"column":4},"end":{"line":71,"column":null}},"35":{"start":{"line":73,"column":4},"end":{"line":76,"column":null}},"36":{"start":{"line":74,"column":6},"end":{"line":74,"column":null}},"37":{"start":{"line":75,"column":6},"end":{"line":75,"column":null}},"38":{"start":{"line":78,"column":4},"end":{"line":83,"column":null}},"39":{"start":{"line":79,"column":21},"end":{"line":79,"column":null}},"40":{"start":{"line":80,"column":6},"end":{"line":82,"column":null}},"41":{"start":{"line":81,"column":8},"end":{"line":81,"column":null}},"42":{"start":{"line":86,"column":2},"end":{"line":90,"column":null}},"43":{"start":{"line":89,"column":4},"end":{"line":89,"column":null}},"44":{"start":{"line":92,"column":2},"end":{"line":92,"column":null}},"45":{"start":{"line":96,"column":17},"end":{"line":96,"column":null}},"46":{"start":{"line":97,"column":2},"end":{"line":97,"column":null}},"47":{"start":{"line":101,"column":16},"end":{"line":101,"column":null}},"48":{"start":{"line":102,"column":2},"end":{"line":102,"column":null}},"49":{"start":{"line":106,"column":2},"end":{"line":106,"column":null}},"50":{"start":{"line":110,"column":18},"end":{"line":110,"column":null}},"51":{"start":{"line":110,"column":60},"end":{"line":110,"column":74}},"52":{"start":{"line":111,"column":2},"end":{"line":111,"column":null}},"53":{"start":{"line":115,"column":2},"end":{"line":117,"column":null}},"54":{"start":{"line":116,"column":4},"end":{"line":116,"column":null}},"55":{"start":{"line":118,"column":2},"end":{"line":118,"column":null}},"56":{"start":{"line":122,"column":44},"end":{"line":122,"column":null}},"57":{"start":{"line":123,"column":37},"end":{"line":123,"column":null}},"58":{"start":{"line":130,"column":28},"end":{"line":130,"column":null}},"59":{"start":{"line":131,"column":65},"end":{"line":131,"column":null}},"60":{"start":{"line":132,"column":23},"end":{"line":132,"column":null}},"61":{"start":{"line":141,"column":21},"end":{"line":141,"column":null}},"62":{"start":{"line":142,"column":24},"end":{"line":143,"column":null}},"63":{"start":{"line":144,"column":16},"end":{"line":144,"column":null}},"64":{"start":{"line":146,"column":4},"end":{"line":146,"column":null}},"65":{"start":{"line":147,"column":4},"end":{"line":147,"column":null}},"66":{"start":{"line":148,"column":4},"end":{"line":148,"column":null}},"67":{"start":{"line":150,"column":4},"end":{"line":150,"column":null}},"68":{"start":{"line":152,"column":4},"end":{"line":152,"column":null}},"69":{"start":{"line":153,"column":4},"end":{"line":153,"column":null}},"70":{"start":{"line":154,"column":4},"end":{"line":154,"column":null}},"71":{"start":{"line":158,"column":4},"end":{"line":158,"column":null}},"72":{"start":{"line":162,"column":4},"end":{"line":162,"column":null}},"73":{"start":{"line":163,"column":4},"end":{"line":166,"column":null}},"74":{"start":{"line":164,"column":6},"end":{"line":164,"column":null}},"75":{"start":{"line":165,"column":6},"end":{"line":165,"column":null}},"76":{"start":{"line":167,"column":4},"end":{"line":167,"column":null}},"77":{"start":{"line":168,"column":4},"end":{"line":168,"column":null}},"78":{"start":{"line":169,"column":4},"end":{"line":169,"column":null}},"79":{"start":{"line":173,"column":4},"end":{"line":173,"column":null}},"80":{"start":{"line":173,"column":21},"end":{"line":173,"column":null}},"81":{"start":{"line":174,"column":4},"end":{"line":174,"column":null}},"82":{"start":{"line":175,"column":4},"end":{"line":175,"column":null}},"83":{"start":{"line":177,"column":24},"end":{"line":177,"column":null}},"84":{"start":{"line":178,"column":21},"end":{"line":178,"column":null}},"85":{"start":{"line":179,"column":4},"end":{"line":181,"column":null}},"86":{"start":{"line":180,"column":6},"end":{"line":180,"column":null}},"87":{"start":{"line":183,"column":24},"end":{"line":275,"column":null}},"88":{"start":{"line":184,"column":23},"end":{"line":192,"column":null}},"89":{"start":{"line":194,"column":6},"end":{"line":196,"column":null}},"90":{"start":{"line":195,"column":8},"end":{"line":195,"column":null}},"91":{"start":{"line":198,"column":6},"end":{"line":200,"column":null}},"92":{"start":{"line":199,"column":8},"end":{"line":199,"column":null}},"93":{"start":{"line":202,"column":20},"end":{"line":202,"column":null}},"94":{"start":{"line":203,"column":6},"end":{"line":205,"column":null}},"95":{"start":{"line":204,"column":8},"end":{"line":204,"column":null}},"96":{"start":{"line":207,"column":24},"end":{"line":210,"column":null}},"97":{"start":{"line":211,"column":21},"end":{"line":211,"column":null}},"98":{"start":{"line":212,"column":6},"end":{"line":212,"column":null}},"99":{"start":{"line":214,"column":25},"end":{"line":214,"column":null}},"100":{"start":{"line":216,"column":6},"end":{"line":218,"column":null}},"101":{"start":{"line":217,"column":8},"end":{"line":217,"column":null}},"102":{"start":{"line":220,"column":4},"end":{"line":261,"column":null}},"103":{"start":{"line":221,"column":42},"end":{"line":221,"column":null}},"104":{"start":{"line":222,"column":6},"end":{"line":226,"column":null}},"105":{"start":{"line":223,"column":8},"end":{"line":223,"column":null}},"106":{"start":{"line":225,"column":8},"end":{"line":225,"column":null}},"107":{"start":{"line":228,"column":6},"end":{"line":249,"column":null}},"108":{"start":{"line":229,"column":8},"end":{"line":229,"column":null}},"109":{"start":{"line":230,"column":8},"end":{"line":230,"column":null}},"110":{"start":{"line":232,"column":8},"end":{"line":247,"column":null}},"111":{"start":{"line":233,"column":10},"end":{"line":233,"column":null}},"112":{"start":{"line":234,"column":10},"end":{"line":246,"column":null}},"113":{"start":{"line":235,"column":32},"end":{"line":235,"column":null}},"114":{"start":{"line":236,"column":12},"end":{"line":236,"column":null}},"115":{"start":{"line":236,"column":30},"end":{"line":236,"column":null}},"116":{"start":{"line":237,"column":23},"end":{"line":237,"column":null}},"117":{"start":{"line":238,"column":12},"end":{"line":245,"column":null}},"118":{"start":{"line":248,"column":8},"end":{"line":248,"column":null}},"119":{"start":{"line":251,"column":6},"end":{"line":260,"column":null}},"120":{"start":{"line":252,"column":23},"end":{"line":252,"column":null}},"121":{"start":{"line":253,"column":8},"end":{"line":259,"column":null}},"122":{"start":{"line":254,"column":10},"end":{"line":258,"column":null}},"123":{"start":{"line":255,"column":12},"end":{"line":255,"column":null}},"124":{"start":{"line":263,"column":6},"end":{"line":266,"column":null}},"125":{"start":{"line":264,"column":8},"end":{"line":264,"column":null}},"126":{"start":{"line":265,"column":8},"end":{"line":265,"column":null}},"127":{"start":{"line":268,"column":6},"end":{"line":274,"column":null}},"128":{"start":{"line":269,"column":8},"end":{"line":269,"column":null}},"129":{"start":{"line":270,"column":8},"end":{"line":270,"column":null}},"130":{"start":{"line":271,"column":8},"end":{"line":273,"column":null}},"131":{"start":{"line":272,"column":10},"end":{"line":272,"column":null}},"132":{"start":{"line":277,"column":4},"end":{"line":286,"column":null}},"133":{"start":{"line":278,"column":6},"end":{"line":278,"column":null}},"134":{"start":{"line":280,"column":6},"end":{"line":280,"column":null}},"135":{"start":{"line":281,"column":6},"end":{"line":281,"column":null}},"136":{"start":{"line":282,"column":6},"end":{"line":282,"column":null}},"137":{"start":{"line":283,"column":6},"end":{"line":285,"column":null}},"138":{"start":{"line":284,"column":8},"end":{"line":284,"column":null}},"139":{"start":{"line":290,"column":4},"end":{"line":290,"column":null}},"140":{"start":{"line":290,"column":29},"end":{"line":290,"column":null}},"141":{"start":{"line":291,"column":20},"end":{"line":291,"column":null}},"142":{"start":{"line":292,"column":4},"end":{"line":292,"column":null}},"143":{"start":{"line":294,"column":22},"end":{"line":294,"column":null}},"144":{"start":{"line":295,"column":19},"end":{"line":295,"column":null}},"145":{"start":{"line":296,"column":20},"end":{"line":296,"column":null}},"146":{"start":{"line":298,"column":4},"end":{"line":302,"column":null}},"147":{"start":{"line":299,"column":6},"end":{"line":299,"column":null}},"148":{"start":{"line":300,"column":6},"end":{"line":300,"column":null}},"149":{"start":{"line":300,"column":33},"end":{"line":300,"column":null}},"150":{"start":{"line":301,"column":6},"end":{"line":301,"column":null}},"151":{"start":{"line":306,"column":4},"end":{"line":306,"column":null}},"152":{"start":{"line":306,"column":30},"end":{"line":306,"column":null}},"153":{"start":{"line":307,"column":4},"end":{"line":307,"column":null}},"154":{"start":{"line":308,"column":4},"end":{"line":308,"column":null}}},"fnMap":{"0":{"name":"isRecord","decl":{"start":{"line":21,"column":9},"end":{"line":21,"column":18}},"loc":{"start":{"line":21,"column":68},"end":{"line":23,"column":null}},"line":21},"1":{"name":"looksLikeRealtimeEvent","decl":{"start":{"line":25,"column":9},"end":{"line":25,"column":32}},"loc":{"start":{"line":25,"column":73},"end":{"line":27,"column":null}},"line":25},"2":{"name":"extractAppSyncRealtimeEventJsonStrings","decl":{"start":{"line":29,"column":9},"end":{"line":29,"column":48}},"loc":{"start":{"line":29,"column":79},"end":{"line":93,"column":null}},"line":29},"3":{"name":"(anonymous_3)","decl":{"start":{"line":34,"column":26},"end":{"line":34,"column":27}},"loc":{"start":{"line":34,"column":61},"end":{"line":40,"column":null}},"line":34},"4":{"name":"base64UrlEncode","decl":{"start":{"line":95,"column":9},"end":{"line":95,"column":25}},"loc":{"start":{"line":95,"column":48},"end":{"line":98,"column":null}},"line":95},"5":{"name":"getEnvString","decl":{"start":{"line":100,"column":9},"end":{"line":100,"column":22}},"loc":{"start":{"line":100,"column":92},"end":{"line":103,"column":null}},"line":100},"6":{"name":"getChannelNamespace","decl":{"start":{"line":105,"column":9},"end":{"line":105,"column":29}},"loc":{"start":{"line":105,"column":79},"end":{"line":107,"column":null}},"line":105},"7":{"name":"buildChannel","decl":{"start":{"line":109,"column":9},"end":{"line":109,"column":22}},"loc":{"start":{"line":109,"column":72},"end":{"line":112,"column":null}},"line":109},"8":{"name":"(anonymous_8)","decl":{"start":{"line":110,"column":47},"end":{"line":110,"column":48}},"loc":{"start":{"line":110,"column":60},"end":{"line":110,"column":74}},"line":110},"9":{"name":"createSubscriptionId","decl":{"start":{"line":114,"column":9},"end":{"line":114,"column":40}},"loc":{"start":{"line":114,"column":40},"end":{"line":119,"column":null}},"line":114},"10":{"name":"(anonymous_10)","decl":{"start":{"line":134,"column":2},"end":{"line":134,"column":14}},"loc":{"start":{"line":140,"column":5},"end":{"line":155,"column":null}},"line":140},"11":{"name":"(anonymous_11)","decl":{"start":{"line":157,"column":2},"end":{"line":157,"column":39}},"loc":{"start":{"line":157,"column":39},"end":{"line":159,"column":null}},"line":157},"12":{"name":"(anonymous_12)","decl":{"start":{"line":161,"column":2},"end":{"line":161,"column":21}},"loc":{"start":{"line":161,"column":21},"end":{"line":170,"column":null}},"line":161},"13":{"name":"(anonymous_13)","decl":{"start":{"line":172,"column":8},"end":{"line":172,"column":33}},"loc":{"start":{"line":172,"column":33},"end":{"line":287,"column":null}},"line":172},"14":{"name":"(anonymous_14)","decl":{"start":{"line":183,"column":24},"end":{"line":183,"column":36}},"loc":{"start":{"line":183,"column":36},"end":{"line":275,"column":null}},"line":183},"15":{"name":"(anonymous_15)","decl":{"start":{"line":216,"column":22},"end":{"line":216,"column":28}},"loc":{"start":{"line":216,"column":28},"end":{"line":218,"column":null}},"line":216},"16":{"name":"(anonymous_16)","decl":{"start":{"line":220,"column":23},"end":{"line":220,"column":24}},"loc":{"start":{"line":220,"column":34},"end":{"line":261,"column":null}},"line":220},"17":{"name":"(anonymous_17)","decl":{"start":{"line":263,"column":23},"end":{"line":263,"column":24}},"loc":{"start":{"line":263,"column":34},"end":{"line":266,"column":null}},"line":263},"18":{"name":"(anonymous_18)","decl":{"start":{"line":268,"column":23},"end":{"line":268,"column":29}},"loc":{"start":{"line":268,"column":29},"end":{"line":274,"column":null}},"line":268},"19":{"name":"(anonymous_19)","decl":{"start":{"line":289,"column":10},"end":{"line":289,"column":36}},"loc":{"start":{"line":289,"column":36},"end":{"line":303,"column":null}},"line":289},"20":{"name":"(anonymous_20)","decl":{"start":{"line":298,"column":37},"end":{"line":298,"column":43}},"loc":{"start":{"line":298,"column":43},"end":{"line":302,"column":7}},"line":298},"21":{"name":"(anonymous_21)","decl":{"start":{"line":305,"column":10},"end":{"line":305,"column":20}},"loc":{"start":{"line":305,"column":57},"end":{"line":309,"column":null}},"line":305}},"branchMap":{"0":{"loc":{"start":{"line":22,"column":9},"end":{"line":22,"column":null}},"type":"binary-expr","locations":[{"start":{"line":22,"column":9},"end":{"line":22,"column":38}},{"start":{"line":22,"column":38},"end":{"line":22,"column":null}}],"line":22},"1":{"loc":{"start":{"line":26,"column":9},"end":{"line":26,"column":null}},"type":"binary-expr","locations":[{"start":{"line":26,"column":9},"end":{"line":26,"column":46}},{"start":{"line":26,"column":46},"end":{"line":26,"column":null}}],"line":26},"2":{"loc":{"start":{"line":43,"column":9},"end":{"line":43,"column":47}},"type":"binary-expr","locations":[{"start":{"line":43,"column":9},"end":{"line":43,"column":29}},{"start":{"line":43,"column":29},"end":{"line":43,"column":47}}],"line":43},"3":{"loc":{"start":{"line":46,"column":4},"end":{"line":46,"column":null}},"type":"if","locations":[{"start":{"line":46,"column":4},"end":{"line":46,"column":null}},{"start":{},"end":{}}],"line":46},"4":{"loc":{"start":{"line":48,"column":4},"end":{"line":58,"column":null}},"type":"if","locations":[{"start":{"line":48,"column":4},"end":{"line":58,"column":null}},{"start":{},"end":{}}],"line":48},"5":{"loc":{"start":{"line":50,"column":6},"end":{"line":53,"column":null}},"type":"if","locations":[{"start":{"line":50,"column":6},"end":{"line":53,"column":null}},{"start":{},"end":{}}],"line":50},"6":{"loc":{"start":{"line":50,"column":10},"end":{"line":50,"column":72}},"type":"binary-expr","locations":[{"start":{"line":50,"column":10},"end":{"line":50,"column":20}},{"start":{"line":50,"column":20},"end":{"line":50,"column":40}},{"start":{"line":50,"column":40},"end":{"line":50,"column":72}}],"line":50},"7":{"loc":{"start":{"line":54,"column":6},"end":{"line":56,"column":null}},"type":"if","locations":[{"start":{"line":54,"column":6},"end":{"line":56,"column":null}},{"start":{},"end":{}}],"line":54},"8":{"loc":{"start":{"line":54,"column":10},"end":{"line":54,"column":65}},"type":"binary-expr","locations":[{"start":{"line":54,"column":10},"end":{"line":54,"column":21}},{"start":{"line":54,"column":21},"end":{"line":54,"column":41}},{"start":{"line":54,"column":41},"end":{"line":54,"column":65}}],"line":54},"9":{"loc":{"start":{"line":60,"column":4},"end":{"line":67,"column":null}},"type":"if","locations":[{"start":{"line":60,"column":4},"end":{"line":67,"column":null}},{"start":{},"end":{}}],"line":60},"10":{"loc":{"start":{"line":61,"column":6},"end":{"line":61,"column":null}},"type":"if","locations":[{"start":{"line":61,"column":6},"end":{"line":61,"column":null}},{"start":{},"end":{}}],"line":61},"11":{"loc":{"start":{"line":69,"column":4},"end":{"line":69,"column":null}},"type":"if","locations":[{"start":{"line":69,"column":4},"end":{"line":69,"column":null}},{"start":{},"end":{}}],"line":69},"12":{"loc":{"start":{"line":70,"column":4},"end":{"line":70,"column":null}},"type":"if","locations":[{"start":{"line":70,"column":4},"end":{"line":70,"column":null}},{"start":{},"end":{}}],"line":70},"13":{"loc":{"start":{"line":73,"column":4},"end":{"line":76,"column":null}},"type":"if","locations":[{"start":{"line":73,"column":4},"end":{"line":76,"column":null}},{"start":{},"end":{}}],"line":73},"14":{"loc":{"start":{"line":80,"column":6},"end":{"line":82,"column":null}},"type":"if","locations":[{"start":{"line":80,"column":6},"end":{"line":82,"column":null}},{"start":{},"end":{}}],"line":80},"15":{"loc":{"start":{"line":86,"column":2},"end":{"line":90,"column":null}},"type":"if","locations":[{"start":{"line":86,"column":2},"end":{"line":90,"column":null}},{"start":{},"end":{}}],"line":86},"16":{"loc":{"start":{"line":102,"column":9},"end":{"line":102,"column":null}},"type":"cond-expr","locations":[{"start":{"line":102,"column":53},"end":{"line":102,"column":68}},{"start":{"line":102,"column":68},"end":{"line":102,"column":null}}],"line":102},"17":{"loc":{"start":{"line":102,"column":9},"end":{"line":102,"column":53}},"type":"binary-expr","locations":[{"start":{"line":102,"column":9},"end":{"line":102,"column":38}},{"start":{"line":102,"column":38},"end":{"line":102,"column":53}}],"line":102},"18":{"loc":{"start":{"line":106,"column":9},"end":{"line":106,"column":null}},"type":"binary-expr","locations":[{"start":{"line":106,"column":9},"end":{"line":106,"column":65}},{"start":{"line":106,"column":65},"end":{"line":106,"column":null}}],"line":106},"19":{"loc":{"start":{"line":115,"column":2},"end":{"line":117,"column":null}},"type":"if","locations":[{"start":{"line":115,"column":2},"end":{"line":117,"column":null}},{"start":{},"end":{}}],"line":115},"20":{"loc":{"start":{"line":115,"column":6},"end":{"line":115,"column":63}},"type":"binary-expr","locations":[{"start":{"line":115,"column":6},"end":{"line":115,"column":39}},{"start":{"line":115,"column":39},"end":{"line":115,"column":63}}],"line":115},"21":{"loc":{"start":{"line":141,"column":21},"end":{"line":141,"column":null}},"type":"binary-expr","locations":[{"start":{"line":141,"column":21},"end":{"line":141,"column":89}},{"start":{"line":141,"column":89},"end":{"line":141,"column":null}}],"line":141},"22":{"loc":{"start":{"line":142,"column":24},"end":{"line":143,"column":null}},"type":"binary-expr","locations":[{"start":{"line":142,"column":24},"end":{"line":143,"column":23}},{"start":{"line":143,"column":23},"end":{"line":143,"column":null}}],"line":142},"23":{"loc":{"start":{"line":163,"column":4},"end":{"line":166,"column":null}},"type":"if","locations":[{"start":{"line":163,"column":4},"end":{"line":166,"column":null}},{"start":{},"end":{}}],"line":163},"24":{"loc":{"start":{"line":173,"column":4},"end":{"line":173,"column":null}},"type":"if","locations":[{"start":{"line":173,"column":4},"end":{"line":173,"column":null}},{"start":{},"end":{}}],"line":173},"25":{"loc":{"start":{"line":177,"column":24},"end":{"line":177,"column":null}},"type":"cond-expr","locations":[{"start":{"line":177,"column":45},"end":{"line":177,"column":66}},{"start":{"line":177,"column":66},"end":{"line":177,"column":null}}],"line":177},"26":{"loc":{"start":{"line":179,"column":4},"end":{"line":181,"column":null}},"type":"if","locations":[{"start":{"line":179,"column":4},"end":{"line":181,"column":null}},{"start":{},"end":{}}],"line":179},"27":{"loc":{"start":{"line":188,"column":14},"end":{"line":188,"column":null}},"type":"cond-expr","locations":[{"start":{"line":188,"column":32},"end":{"line":188,"column":81}},{"start":{"line":188,"column":81},"end":{"line":188,"column":null}}],"line":188},"28":{"loc":{"start":{"line":189,"column":14},"end":{"line":189,"column":null}},"type":"cond-expr","locations":[{"start":{"line":189,"column":32},"end":{"line":189,"column":71}},{"start":{"line":189,"column":71},"end":{"line":189,"column":null}}],"line":189},"29":{"loc":{"start":{"line":194,"column":6},"end":{"line":196,"column":null}},"type":"if","locations":[{"start":{"line":194,"column":6},"end":{"line":196,"column":null}},{"start":{},"end":{}}],"line":194},"30":{"loc":{"start":{"line":194,"column":10},"end":{"line":194,"column":62}},"type":"binary-expr","locations":[{"start":{"line":194,"column":10},"end":{"line":194,"column":37}},{"start":{"line":194,"column":37},"end":{"line":194,"column":62}}],"line":194},"31":{"loc":{"start":{"line":198,"column":6},"end":{"line":200,"column":null}},"type":"if","locations":[{"start":{"line":198,"column":6},"end":{"line":200,"column":null}},{"start":{},"end":{}}],"line":198},"32":{"loc":{"start":{"line":203,"column":6},"end":{"line":205,"column":null}},"type":"if","locations":[{"start":{"line":203,"column":6},"end":{"line":205,"column":null}},{"start":{},"end":{}}],"line":203},"33":{"loc":{"start":{"line":228,"column":6},"end":{"line":249,"column":null}},"type":"if","locations":[{"start":{"line":228,"column":6},"end":{"line":249,"column":null}},{"start":{},"end":{}}],"line":228},"34":{"loc":{"start":{"line":228,"column":10},"end":{"line":228,"column":54}},"type":"binary-expr","locations":[{"start":{"line":228,"column":10},"end":{"line":228,"column":20}},{"start":{"line":228,"column":20},"end":{"line":228,"column":54}}],"line":228},"35":{"loc":{"start":{"line":232,"column":8},"end":{"line":247,"column":null}},"type":"if","locations":[{"start":{"line":232,"column":8},"end":{"line":247,"column":null}},{"start":{},"end":{}}],"line":232},"36":{"loc":{"start":{"line":236,"column":12},"end":{"line":236,"column":null}},"type":"if","locations":[{"start":{"line":236,"column":12},"end":{"line":236,"column":null}},{"start":{},"end":{}}],"line":236},"37":{"loc":{"start":{"line":251,"column":6},"end":{"line":260,"column":null}},"type":"if","locations":[{"start":{"line":251,"column":6},"end":{"line":260,"column":null}},{"start":{},"end":{}}],"line":251},"38":{"loc":{"start":{"line":251,"column":10},"end":{"line":251,"column":44}},"type":"binary-expr","locations":[{"start":{"line":251,"column":10},"end":{"line":251,"column":20}},{"start":{"line":251,"column":20},"end":{"line":251,"column":44}}],"line":251},"39":{"loc":{"start":{"line":271,"column":8},"end":{"line":273,"column":null}},"type":"if","locations":[{"start":{"line":271,"column":8},"end":{"line":273,"column":null}},{"start":{},"end":{}}],"line":271},"40":{"loc":{"start":{"line":283,"column":6},"end":{"line":285,"column":null}},"type":"if","locations":[{"start":{"line":283,"column":6},"end":{"line":285,"column":null}},{"start":{},"end":{}}],"line":283},"41":{"loc":{"start":{"line":290,"column":4},"end":{"line":290,"column":null}},"type":"if","locations":[{"start":{"line":290,"column":4},"end":{"line":290,"column":null}},{"start":{},"end":{}}],"line":290},"42":{"loc":{"start":{"line":300,"column":6},"end":{"line":300,"column":null}},"type":"if","locations":[{"start":{"line":300,"column":6},"end":{"line":300,"column":null}},{"start":{},"end":{}}],"line":300},"43":{"loc":{"start":{"line":306,"column":4},"end":{"line":306,"column":null}},"type":"if","locations":[{"start":{"line":306,"column":4},"end":{"line":306,"column":null}},{"start":{},"end":{}}],"line":306}},"s":{"0":0,"1":0,"2":0,"3":0,"4":0,"5":0,"6":0,"7":0,"8":0,"9":0,"10":0,"11":0,"12":0,"13":0,"14":0,"15":0,"16":0,"17":0,"18":0,"19":0,"20":0,"21":0,"22":0,"23":0,"24":0,"25":0,"26":0,"27":0,"28":0,"29":0,"30":0,"31":0,"32":0,"33":0,"34":0,"35":0,"36":0,"37":0,"38":0,"39":0,"40":0,"41":0,"42":0,"43":0,"44":0,"45":1,"46":1,"47":1,"48":1,"49":1,"50":2,"51":5,"52":2,"53":2,"54":2,"55":0,"56":1,"57":1,"58":1,"59":1,"60":1,"61":1,"62":1,"63":1,"64":1,"65":1,"66":1,"67":1,"68":1,"69":1,"70":1,"71":0,"72":0,"73":0,"74":0,"75":0,"76":0,"77":0,"78":0,"79":1,"80":0,"81":1,"82":1,"83":1,"84":1,"85":1,"86":1,"87":1,"88":1,"89":1,"90":0,"91":1,"92":0,"93":1,"94":1,"95":0,"96":1,"97":1,"98":1,"99":1,"100":1,"101":1,"102":1,"103":1,"104":1,"105":1,"106":0,"107":1,"108":1,"109":1,"110":1,"111":1,"112":1,"113":2,"114":2,"115":0,"116":2,"117":2,"118":1,"119":0,"120":0,"121":0,"122":0,"123":0,"124":1,"125":0,"126":0,"127":1,"128":0,"129":0,"130":0,"131":0,"132":1,"133":1,"134":0,"135":0,"136":0,"137":0,"138":0,"139":0,"140":0,"141":0,"142":0,"143":0,"144":0,"145":0,"146":0,"147":0,"148":0,"149":0,"150":0,"151":2,"152":0,"153":2,"154":2},"f":{"0":0,"1":0,"2":0,"3":0,"4":1,"5":1,"6":1,"7":2,"8":5,"9":2,"10":1,"11":0,"12":0,"13":1,"14":1,"15":1,"16":1,"17":0,"18":0,"19":0,"20":0,"21":2},"b":{"0":[0,0],"1":[0,0],"2":[0,0],"3":[0,0],"4":[0,0],"5":[0,0],"6":[0,0,0],"7":[0,0],"8":[0,0,0],"9":[0,0],"10":[0,0],"11":[0,0],"12":[0,0],"13":[0,0],"14":[0,0],"15":[0,0],"16":[0,1],"17":[1,0],"18":[1,1],"19":[2,0],"20":[2,2],"21":[1,0],"22":[1,0],"23":[0,0],"24":[0,1],"25":[1,0],"26":[1,0],"27":[0,1],"28":[1,0],"29":[0,1],"30":[1,1],"31":[0,1],"32":[0,1],"33":[1,0],"34":[1,1],"35":[1,0],"36":[0,2],"37":[0,0],"38":[0,0],"39":[0,0],"40":[0,0],"41":[0,0],"42":[0,0],"43":[0,2]},"meta":{"lastBranch":44,"lastFunction":22,"lastStatement":155,"seen":{"f:21:9:21:18":0,"s:22:2:22:Infinity":0,"b:22:9:22:38:22:38:22:Infinity":0,"f:25:9:25:32":1,"s:26:2:26:Infinity":1,"b:26:9:26:46:26:46:26:Infinity":1,"f:29:9:29:48":2,"s:30:28:30:Infinity":2,"s:31:27:31:Infinity":3,"s:32:15:32:Infinity":4,"s:34:26:40:Infinity":5,"f:34:26:34:27":3,"s:35:4:39:Infinity":6,"s:36:6:36:Infinity":7,"s:38:6:38:Infinity":8,"s:42:19:42:Infinity":9,"s:43:2:84:Infinity":10,"b:43:9:43:29:43:29:43:47":2,"s:44:4:44:Infinity":11,"s:45:18:45:Infinity":12,"b:46:4:46:Infinity:undefined:undefined:undefined:undefined":3,"s:46:4:46:Infinity":13,"s:46:23:46:Infinity":14,"b:48:4:58:Infinity:undefined:undefined:undefined:undefined":4,"s:48:4:58:Infinity":15,"s:49:21:49:Infinity":16,"b:50:6:53:Infinity:undefined:undefined:undefined:undefined":5,"s:50:6:53:Infinity":17,"b:50:10:50:20:50:20:50:40:50:40:50:72":6,"s:51:8:51:Infinity":18,"s:52:8:52:Infinity":19,"b:54:6:56:Infinity:undefined:undefined:undefined:undefined":7,"s:54:6:56:Infinity":20,"b:54:10:54:21:54:21:54:41:54:41:54:65":8,"s:55:8:55:Infinity":21,"s:57:6:57:Infinity":22,"b:60:4:67:Infinity:undefined:undefined:undefined:undefined":9,"s:60:4:67:Infinity":23,"b:61:6:61:Infinity:undefined:undefined:undefined:undefined":10,"s:61:6:61:Infinity":24,"s:61:27:61:Infinity":25,"s:62:6:62:Infinity":26,"s:63:6:65:Infinity":27,"s:64:8:64:Infinity":28,"s:66:6:66:Infinity":29,"b:69:4:69:Infinity:undefined:undefined:undefined:undefined":11,"s:69:4:69:Infinity":30,"s:69:26:69:Infinity":31,"b:70:4:70:Infinity:undefined:undefined:undefined:undefined":12,"s:70:4:70:Infinity":32,"s:70:25:70:Infinity":33,"s:71:4:71:Infinity":34,"b:73:4:76:Infinity:undefined:undefined:undefined:undefined":13,"s:73:4:76:Infinity":35,"s:74:6:74:Infinity":36,"s:75:6:75:Infinity":37,"s:78:4:83:Infinity":38,"s:79:21:79:Infinity":39,"b:80:6:82:Infinity:undefined:undefined:undefined:undefined":14,"s:80:6:82:Infinity":40,"s:81:8:81:Infinity":41,"b:86:2:90:Infinity:undefined:undefined:undefined:undefined":15,"s:86:2:90:Infinity":42,"s:89:4:89:Infinity":43,"s:92:2:92:Infinity":44,"f:95:9:95:25":4,"s:96:17:96:Infinity":45,"s:97:2:97:Infinity":46,"f:100:9:100:22":5,"s:101:16:101:Infinity":47,"s:102:2:102:Infinity":48,"b:102:53:102:68:102:68:102:Infinity":16,"b:102:9:102:38:102:38:102:53":17,"f:105:9:105:29":6,"s:106:2:106:Infinity":49,"b:106:9:106:65:106:65:106:Infinity":18,"f:109:9:109:22":7,"s:110:18:110:Infinity":50,"f:110:47:110:48":8,"s:110:60:110:74":51,"s:111:2:111:Infinity":52,"f:114:9:114:40":9,"b:115:2:117:Infinity:undefined:undefined:undefined:undefined":19,"s:115:2:117:Infinity":53,"b:115:6:115:39:115:39:115:63":20,"s:116:4:116:Infinity":54,"s:118:2:118:Infinity":55,"s:122:44:122:Infinity":56,"s:123:37:123:Infinity":57,"s:130:28:130:Infinity":58,"s:131:65:131:Infinity":59,"s:132:23:132:Infinity":60,"f:134:2:134:14":10,"s:141:21:141:Infinity":61,"b:141:21:141:89:141:89:141:Infinity":21,"s:142:24:143:Infinity":62,"b:142:24:143:23:143:23:143:Infinity":22,"s:144:16:144:Infinity":63,"s:146:4:146:Infinity":64,"s:147:4:147:Infinity":65,"s:148:4:148:Infinity":66,"s:150:4:150:Infinity":67,"s:152:4:152:Infinity":68,"s:153:4:153:Infinity":69,"s:154:4:154:Infinity":70,"f:157:2:157:39":11,"s:158:4:158:Infinity":71,"f:161:2:161:21":12,"s:162:4:162:Infinity":72,"b:163:4:166:Infinity:undefined:undefined:undefined:undefined":23,"s:163:4:166:Infinity":73,"s:164:6:164:Infinity":74,"s:165:6:165:Infinity":75,"s:167:4:167:Infinity":76,"s:168:4:168:Infinity":77,"s:169:4:169:Infinity":78,"f:172:8:172:33":13,"b:173:4:173:Infinity:undefined:undefined:undefined:undefined":24,"s:173:4:173:Infinity":79,"s:173:21:173:Infinity":80,"s:174:4:174:Infinity":81,"s:175:4:175:Infinity":82,"s:177:24:177:Infinity":83,"b:177:45:177:66:177:66:177:Infinity":25,"s:178:21:178:Infinity":84,"b:179:4:181:Infinity:undefined:undefined:undefined:undefined":26,"s:179:4:181:Infinity":85,"s:180:6:180:Infinity":86,"s:183:24:275:Infinity":87,"f:183:24:183:36":14,"s:184:23:192:Infinity":88,"b:188:32:188:81:188:81:188:Infinity":27,"b:189:32:189:71:189:71:189:Infinity":28,"b:194:6:196:Infinity:undefined:undefined:undefined:undefined":29,"s:194:6:196:Infinity":89,"b:194:10:194:37:194:37:194:62":30,"s:195:8:195:Infinity":90,"b:198:6:200:Infinity:undefined:undefined:undefined:undefined":31,"s:198:6:200:Infinity":91,"s:199:8:199:Infinity":92,"s:202:20:202:Infinity":93,"b:203:6:205:Infinity:undefined:undefined:undefined:undefined":32,"s:203:6:205:Infinity":94,"s:204:8:204:Infinity":95,"s:207:24:210:Infinity":96,"s:211:21:211:Infinity":97,"s:212:6:212:Infinity":98,"s:214:25:214:Infinity":99,"s:216:6:218:Infinity":100,"f:216:22:216:28":15,"s:217:8:217:Infinity":101,"s:220:4:261:Infinity":102,"f:220:23:220:24":16,"s:221:42:221:Infinity":103,"s:222:6:226:Infinity":104,"s:223:8:223:Infinity":105,"s:225:8:225:Infinity":106,"b:228:6:249:Infinity:undefined:undefined:undefined:undefined":33,"s:228:6:249:Infinity":107,"b:228:10:228:20:228:20:228:54":34,"s:229:8:229:Infinity":108,"s:230:8:230:Infinity":109,"b:232:8:247:Infinity:undefined:undefined:undefined:undefined":35,"s:232:8:247:Infinity":110,"s:233:10:233:Infinity":111,"s:234:10:246:Infinity":112,"s:235:32:235:Infinity":113,"b:236:12:236:Infinity:undefined:undefined:undefined:undefined":36,"s:236:12:236:Infinity":114,"s:236:30:236:Infinity":115,"s:237:23:237:Infinity":116,"s:238:12:245:Infinity":117,"s:248:8:248:Infinity":118,"b:251:6:260:Infinity:undefined:undefined:undefined:undefined":37,"s:251:6:260:Infinity":119,"b:251:10:251:20:251:20:251:44":38,"s:252:23:252:Infinity":120,"s:253:8:259:Infinity":121,"s:254:10:258:Infinity":122,"s:255:12:255:Infinity":123,"s:263:6:266:Infinity":124,"f:263:23:263:24":17,"s:264:8:264:Infinity":125,"s:265:8:265:Infinity":126,"s:268:6:274:Infinity":127,"f:268:23:268:29":18,"s:269:8:269:Infinity":128,"s:270:8:270:Infinity":129,"b:271:8:273:Infinity:undefined:undefined:undefined:undefined":39,"s:271:8:273:Infinity":130,"s:272:10:272:Infinity":131,"s:277:4:286:Infinity":132,"s:278:6:278:Infinity":133,"s:280:6:280:Infinity":134,"s:281:6:281:Infinity":135,"s:282:6:282:Infinity":136,"b:283:6:285:Infinity:undefined:undefined:undefined:undefined":40,"s:283:6:285:Infinity":137,"s:284:8:284:Infinity":138,"f:289:10:289:36":19,"b:290:4:290:Infinity:undefined:undefined:undefined:undefined":41,"s:290:4:290:Infinity":139,"s:290:29:290:Infinity":140,"s:291:20:291:Infinity":141,"s:292:4:292:Infinity":142,"s:294:22:294:Infinity":143,"s:295:19:295:Infinity":144,"s:296:20:296:Infinity":145,"s:298:4:302:Infinity":146,"f:298:37:298:43":20,"s:299:6:299:Infinity":147,"b:300:6:300:Infinity:undefined:undefined:undefined:undefined":42,"s:300:6:300:Infinity":148,"s:300:33:300:Infinity":149,"s:301:6:301:Infinity":150,"f:305:10:305:20":21,"b:306:4:306:Infinity:undefined:undefined:undefined:undefined":43,"s:306:4:306:Infinity":151,"s:306:30:306:Infinity":152,"s:307:4:307:Infinity":153,"s:308:4:308:Infinity":154}}}
,"/Users/joshuakessell/Projects/ClubOperationsPOS/packages/shared/realtime/transports/hybrid.ts": {"path":"/Users/joshuakessell/Projects/ClubOperationsPOS/packages/shared/realtime/transports/hybrid.ts","statementMap":{"0":{"start":{"line":8,"column":44},"end":{"line":8,"column":null}},"1":{"start":{"line":11,"column":54},"end":{"line":11,"column":null}},"2":{"start":{"line":14,"column":4},"end":{"line":14,"column":null}},"3":{"start":{"line":15,"column":4},"end":{"line":15,"column":null}},"4":{"start":{"line":19,"column":4},"end":{"line":19,"column":null}},"5":{"start":{"line":23,"column":4},"end":{"line":23,"column":null}},"6":{"start":{"line":24,"column":4},"end":{"line":26,"column":null}},"7":{"start":{"line":25,"column":6},"end":{"line":25,"column":null}},"8":{"start":{"line":27,"column":4},"end":{"line":27,"column":null}},"9":{"start":{"line":31,"column":4},"end":{"line":31,"column":null}},"10":{"start":{"line":31,"column":69},"end":{"line":31,"column":null}},"11":{"start":{"line":32,"column":4},"end":{"line":32,"column":null}},"12":{"start":{"line":34,"column":4},"end":{"line":44,"column":null}},"13":{"start":{"line":35,"column":6},"end":{"line":43,"column":null}},"14":{"start":{"line":36,"column":8},"end":{"line":36,"column":null}},"15":{"start":{"line":37,"column":8},"end":{"line":40,"column":null}},"16":{"start":{"line":38,"column":10},"end":{"line":38,"column":null}},"17":{"start":{"line":39,"column":10},"end":{"line":39,"column":null}},"18":{"start":{"line":42,"column":8},"end":{"line":42,"column":null}},"19":{"start":{"line":46,"column":4},"end":{"line":49,"column":null}},"20":{"start":{"line":47,"column":6},"end":{"line":47,"column":null}},"21":{"start":{"line":48,"column":6},"end":{"line":48,"column":null}},"22":{"start":{"line":51,"column":4},"end":{"line":54,"column":null}},"23":{"start":{"line":52,"column":6},"end":{"line":52,"column":null}},"24":{"start":{"line":52,"column":46},"end":{"line":52,"column":null}},"25":{"start":{"line":53,"column":6},"end":{"line":53,"column":null}},"26":{"start":{"line":56,"column":4},"end":{"line":56,"column":null}},"27":{"start":{"line":60,"column":4},"end":{"line":60,"column":null}},"28":{"start":{"line":60,"column":30},"end":{"line":60,"column":null}},"29":{"start":{"line":61,"column":4},"end":{"line":61,"column":null}},"30":{"start":{"line":62,"column":4},"end":{"line":62,"column":null}}},"fnMap":{"0":{"name":"(anonymous_0)","decl":{"start":{"line":13,"column":2},"end":{"line":13,"column":14}},"loc":{"start":{"line":13,"column":82},"end":{"line":16,"column":null}},"line":13},"1":{"name":"(anonymous_1)","decl":{"start":{"line":18,"column":2},"end":{"line":18,"column":39}},"loc":{"start":{"line":18,"column":39},"end":{"line":20,"column":null}},"line":18},"2":{"name":"(anonymous_2)","decl":{"start":{"line":22,"column":2},"end":{"line":22,"column":21}},"loc":{"start":{"line":22,"column":21},"end":{"line":28,"column":null}},"line":22},"3":{"name":"(anonymous_3)","decl":{"start":{"line":30,"column":8},"end":{"line":30,"column":33}},"loc":{"start":{"line":30,"column":33},"end":{"line":57,"column":null}},"line":30},"4":{"name":"(anonymous_4)","decl":{"start":{"line":59,"column":10},"end":{"line":59,"column":20}},"loc":{"start":{"line":59,"column":57},"end":{"line":63,"column":null}},"line":59}},"branchMap":{"0":{"loc":{"start":{"line":31,"column":4},"end":{"line":31,"column":null}},"type":"if","locations":[{"start":{"line":31,"column":4},"end":{"line":31,"column":null}},{"start":{},"end":{}}],"line":31},"1":{"loc":{"start":{"line":31,"column":8},"end":{"line":31,"column":69}},"type":"binary-expr","locations":[{"start":{"line":31,"column":8},"end":{"line":31,"column":39}},{"start":{"line":31,"column":39},"end":{"line":31,"column":69}}],"line":31},"2":{"loc":{"start":{"line":37,"column":8},"end":{"line":40,"column":null}},"type":"if","locations":[{"start":{"line":37,"column":8},"end":{"line":40,"column":null}},{"start":{},"end":{}}],"line":37},"3":{"loc":{"start":{"line":46,"column":4},"end":{"line":49,"column":null}},"type":"if","locations":[{"start":{"line":46,"column":4},"end":{"line":49,"column":null}},{"start":{},"end":{}}],"line":46},"4":{"loc":{"start":{"line":52,"column":6},"end":{"line":52,"column":null}},"type":"if","locations":[{"start":{"line":52,"column":6},"end":{"line":52,"column":null}},{"start":{},"end":{}}],"line":52},"5":{"loc":{"start":{"line":60,"column":4},"end":{"line":60,"column":null}},"type":"if","locations":[{"start":{"line":60,"column":4},"end":{"line":60,"column":null}},{"start":{},"end":{}}],"line":60}},"s":{"0":1,"1":1,"2":1,"3":1,"4":1,"5":0,"6":0,"7":0,"8":0,"9":1,"10":0,"11":1,"12":1,"13":2,"14":2,"15":1,"16":1,"17":1,"18":1,"19":1,"20":0,"21":0,"22":1,"23":2,"24":1,"25":1,"26":1,"27":2,"28":0,"29":2,"30":2},"f":{"0":1,"1":1,"2":0,"3":1,"4":2},"b":{"0":[0,1],"1":[1,1],"2":[1,0],"3":[0,1],"4":[1,1],"5":[0,2]},"meta":{"lastBranch":6,"lastFunction":5,"lastStatement":31,"seen":{"s:8:44:8:Infinity":0,"s:11:54:11:Infinity":1,"f:13:2:13:14":0,"s:14:4:14:Infinity":2,"s:15:4:15:Infinity":3,"f:18:2:18:39":1,"s:19:4:19:Infinity":4,"f:22:2:22:21":2,"s:23:4:23:Infinity":5,"s:24:4:26:Infinity":6,"s:25:6:25:Infinity":7,"s:27:4:27:Infinity":8,"f:30:8:30:33":3,"b:31:4:31:Infinity:undefined:undefined:undefined:undefined":0,"s:31:4:31:Infinity":9,"b:31:8:31:39:31:39:31:69":1,"s:31:69:31:Infinity":10,"s:32:4:32:Infinity":11,"s:34:4:44:Infinity":12,"s:35:6:43:Infinity":13,"s:36:8:36:Infinity":14,"b:37:8:40:Infinity:undefined:undefined:undefined:undefined":2,"s:37:8:40:Infinity":15,"s:38:10:38:Infinity":16,"s:39:10:39:Infinity":17,"s:42:8:42:Infinity":18,"b:46:4:49:Infinity:undefined:undefined:undefined:undefined":3,"s:46:4:49:Infinity":19,"s:47:6:47:Infinity":20,"s:48:6:48:Infinity":21,"s:51:4:54:Infinity":22,"b:52:6:52:Infinity:undefined:undefined:undefined:undefined":4,"s:52:6:52:Infinity":23,"s:52:46:52:Infinity":24,"s:53:6:53:Infinity":25,"s:56:4:56:Infinity":26,"f:59:10:59:20":4,"b:60:4:60:Infinity:undefined:undefined:undefined:undefined":5,"s:60:4:60:Infinity":27,"s:60:30:60:Infinity":28,"s:61:4:61:Infinity":29,"s:62:4:62:Infinity":30}}}
,"/Users/joshuakessell/Projects/ClubOperationsPOS/packages/shared/src/agreementContent.ts": {"path":"/Users/joshuakessell/Projects/ClubOperationsPOS/packages/shared/src/agreementContent.ts","statementMap":{"0":{"start":{"line":11,"column":84},"end":{"line":18,"column":null}}},"fnMap":{},"branchMap":{},"s":{"0":1},"f":{},"b":{},"meta":{"lastBranch":0,"lastFunction":0,"lastStatement":1,"seen":{"s:11:84:18:Infinity":0}}}
,"/Users/joshuakessell/Projects/ClubOperationsPOS/packages/shared/src/apiBase.ts": {"path":"/Users/joshuakessell/Projects/ClubOperationsPOS/packages/shared/src/apiBase.ts","statementMap":{"0":{"start":{"line":2,"column":21},"end":{"line":18,"column":null}},"1":{"start":{"line":3,"column":2},"end":{"line":12,"column":null}},"2":{"start":{"line":6,"column":4},"end":{"line":9,"column":null}},"3":{"start":{"line":8,"column":6},"end":{"line":8,"column":null}},"4":{"start":{"line":14,"column":2},"end":{"line":16,"column":null}},"5":{"start":{"line":15,"column":4},"end":{"line":15,"column":null}},"6":{"start":{"line":17,"column":2},"end":{"line":17,"column":null}},"7":{"start":{"line":24,"column":12},"end":{"line":24,"column":null}},"8":{"start":{"line":26,"column":28},"end":{"line":26,"column":null}},"9":{"start":{"line":28,"column":14},"end":{"line":28,"column":null}},"10":{"start":{"line":29,"column":30},"end":{"line":29,"column":null}},"11":{"start":{"line":32,"column":2},"end":{"line":32,"column":null}},"12":{"start":{"line":32,"column":14},"end":{"line":32,"column":null}},"13":{"start":{"line":33,"column":2},"end":{"line":33,"column":null}},"14":{"start":{"line":33,"column":31},"end":{"line":33,"column":null}},"15":{"start":{"line":34,"column":8},"end":{"line":34,"column":null}},"16":{"start":{"line":35,"column":2},"end":{"line":35,"column":null}},"17":{"start":{"line":35,"column":16},"end":{"line":35,"column":null}},"18":{"start":{"line":36,"column":2},"end":{"line":36,"column":null}},"19":{"start":{"line":36,"column":34},"end":{"line":36,"column":null}},"20":{"start":{"line":38,"column":2},"end":{"line":38,"column":null}},"21":{"start":{"line":39,"column":2},"end":{"line":41,"column":null}},"22":{"start":{"line":45,"column":8},"end":{"line":45,"column":null}},"23":{"start":{"line":46,"column":2},"end":{"line":46,"column":null}},"24":{"start":{"line":46,"column":16},"end":{"line":46,"column":null}},"25":{"start":{"line":47,"column":2},"end":{"line":59,"column":null}},"26":{"start":{"line":48,"column":14},"end":{"line":48,"column":null}},"27":{"start":{"line":50,"column":4},"end":{"line":50,"column":null}},"28":{"start":{"line":52,"column":4},"end":{"line":52,"column":null}},"29":{"start":{"line":52,"column":31},"end":{"line":52,"column":null}},"30":{"start":{"line":53,"column":4},"end":{"line":53,"column":null}},"31":{"start":{"line":56,"column":15},"end":{"line":56,"column":null}},"32":{"start":{"line":57,"column":4},"end":{"line":57,"column":null}},"33":{"start":{"line":57,"column":31},"end":{"line":57,"column":null}},"34":{"start":{"line":58,"column":4},"end":{"line":58,"column":null}},"35":{"start":{"line":62,"column":0},"end":{"line":62,"column":null}},"36":{"start":{"line":64,"column":25},"end":{"line":77,"column":null}},"37":{"start":{"line":66,"column":2},"end":{"line":66,"column":null}},"38":{"start":{"line":66,"column":21},"end":{"line":66,"column":null}},"39":{"start":{"line":69,"column":15},"end":{"line":69,"column":null}},"40":{"start":{"line":70,"column":23},"end":{"line":70,"column":null}},"41":{"start":{"line":72,"column":2},"end":{"line":73,"column":null}},"42":{"start":{"line":72,"column":33},"end":{"line":72,"column":null}},"43":{"start":{"line":72,"column":50},"end":{"line":73,"column":null}},"44":{"start":{"line":73,"column":47},"end":{"line":73,"column":null}},"45":{"start":{"line":75,"column":2},"end":{"line":75,"column":null}},"46":{"start":{"line":75,"column":57},"end":{"line":75,"column":null}},"47":{"start":{"line":76,"column":2},"end":{"line":76,"column":null}}},"fnMap":{"0":{"name":"(anonymous_0)","decl":{"start":{"line":2,"column":21},"end":{"line":2,"column":null}},"loc":{"start":{"line":2,"column":21},"end":{"line":18,"column":null}},"line":2},"1":{"name":"warnIfApiBaseUrlEndsWithApi","decl":{"start":{"line":31,"column":9},"end":{"line":31,"column":37}},"loc":{"start":{"line":31,"column":50},"end":{"line":42,"column":null}},"line":31},"2":{"name":"normalizeApiBaseUrl","decl":{"start":{"line":44,"column":9},"end":{"line":44,"column":29}},"loc":{"start":{"line":44,"column":50},"end":{"line":60,"column":null}},"line":44},"3":{"name":"(anonymous_3)","decl":{"start":{"line":64,"column":25},"end":{"line":64,"column":26}},"loc":{"start":{"line":64,"column":43},"end":{"line":77,"column":null}},"line":64}},"branchMap":{"0":{"loc":{"start":{"line":6,"column":4},"end":{"line":9,"column":null}},"type":"if","locations":[{"start":{"line":6,"column":4},"end":{"line":9,"column":null}},{"start":{},"end":{}}],"line":6},"1":{"loc":{"start":{"line":6,"column":8},"end":{"line":6,"column":63}},"type":"binary-expr","locations":[{"start":{"line":6,"column":8},"end":{"line":6,"column":46}},{"start":{"line":6,"column":46},"end":{"line":6,"column":63}}],"line":6},"2":{"loc":{"start":{"line":14,"column":2},"end":{"line":16,"column":null}},"type":"if","locations":[{"start":{"line":14,"column":2},"end":{"line":16,"column":null}},{"start":{},"end":{}}],"line":14},"3":{"loc":{"start":{"line":14,"column":6},"end":{"line":14,"column":53}},"type":"binary-expr","locations":[{"start":{"line":14,"column":6},"end":{"line":14,"column":40}},{"start":{"line":14,"column":40},"end":{"line":14,"column":53}}],"line":14},"4":{"loc":{"start":{"line":26,"column":28},"end":{"line":26,"column":null}},"type":"cond-expr","locations":[{"start":{"line":26,"column":73},"end":{"line":26,"column":97}},{"start":{"line":26,"column":97},"end":{"line":26,"column":null}}],"line":26},"5":{"loc":{"start":{"line":28,"column":14},"end":{"line":28,"column":null}},"type":"binary-expr","locations":[{"start":{"line":28,"column":14},"end":{"line":28,"column":35}},{"start":{"line":28,"column":35},"end":{"line":28,"column":null}}],"line":28},"6":{"loc":{"start":{"line":32,"column":2},"end":{"line":32,"column":null}},"type":"if","locations":[{"start":{"line":32,"column":2},"end":{"line":32,"column":null}},{"start":{},"end":{}}],"line":32},"7":{"loc":{"start":{"line":33,"column":2},"end":{"line":33,"column":null}},"type":"if","locations":[{"start":{"line":33,"column":2},"end":{"line":33,"column":null}},{"start":{},"end":{}}],"line":33},"8":{"loc":{"start":{"line":34,"column":19},"end":{"line":34,"column":30}},"type":"binary-expr","locations":[{"start":{"line":34,"column":19},"end":{"line":34,"column":26}},{"start":{"line":34,"column":26},"end":{"line":34,"column":30}}],"line":34},"9":{"loc":{"start":{"line":35,"column":2},"end":{"line":35,"column":null}},"type":"if","locations":[{"start":{"line":35,"column":2},"end":{"line":35,"column":null}},{"start":{},"end":{}}],"line":35},"10":{"loc":{"start":{"line":36,"column":2},"end":{"line":36,"column":null}},"type":"if","locations":[{"start":{"line":36,"column":2},"end":{"line":36,"column":null}},{"start":{},"end":{}}],"line":36},"11":{"loc":{"start":{"line":45,"column":19},"end":{"line":45,"column":30}},"type":"binary-expr","locations":[{"start":{"line":45,"column":19},"end":{"line":45,"column":26}},{"start":{"line":45,"column":26},"end":{"line":45,"column":30}}],"line":45},"12":{"loc":{"start":{"line":46,"column":2},"end":{"line":46,"column":null}},"type":"if","locations":[{"start":{"line":46,"column":2},"end":{"line":46,"column":null}},{"start":{},"end":{}}],"line":46},"13":{"loc":{"start":{"line":52,"column":4},"end":{"line":52,"column":null}},"type":"if","locations":[{"start":{"line":52,"column":4},"end":{"line":52,"column":null}},{"start":{},"end":{}}],"line":52},"14":{"loc":{"start":{"line":57,"column":4},"end":{"line":57,"column":null}},"type":"if","locations":[{"start":{"line":57,"column":4},"end":{"line":57,"column":null}},{"start":{},"end":{}}],"line":57},"15":{"loc":{"start":{"line":66,"column":2},"end":{"line":66,"column":null}},"type":"if","locations":[{"start":{"line":66,"column":2},"end":{"line":66,"column":null}},{"start":{},"end":{}}],"line":66},"16":{"loc":{"start":{"line":72,"column":2},"end":{"line":73,"column":null}},"type":"if","locations":[{"start":{"line":72,"column":2},"end":{"line":73,"column":null}},{"start":{"line":72,"column":50},"end":{"line":73,"column":null}}],"line":72},"17":{"loc":{"start":{"line":72,"column":50},"end":{"line":73,"column":null}},"type":"if","locations":[{"start":{"line":72,"column":50},"end":{"line":73,"column":null}},{"start":{},"end":{}}],"line":72},"18":{"loc":{"start":{"line":75,"column":2},"end":{"line":75,"column":null}},"type":"if","locations":[{"start":{"line":75,"column":2},"end":{"line":75,"column":null}},{"start":{},"end":{}}],"line":75},"19":{"loc":{"start":{"line":75,"column":6},"end":{"line":75,"column":57}},"type":"binary-expr","locations":[{"start":{"line":75,"column":6},"end":{"line":75,"column":24}},{"start":{"line":75,"column":24},"end":{"line":75,"column":57}}],"line":75},"20":{"loc":{"start":{"line":76,"column":9},"end":{"line":76,"column":null}},"type":"cond-expr","locations":[{"start":{"line":76,"column":26},"end":{"line":76,"column":55}},{"start":{"line":76,"column":55},"end":{"line":76,"column":null}}],"line":76}},"s":{"0":3,"1":3,"2":3,"3":3,"4":0,"5":0,"6":0,"7":3,"8":3,"9":3,"10":3,"11":3,"12":0,"13":3,"14":0,"15":3,"16":3,"17":3,"18":0,"19":0,"20":0,"21":0,"22":0,"23":0,"24":0,"25":0,"26":0,"27":0,"28":0,"29":0,"30":0,"31":0,"32":0,"33":0,"34":0,"35":3,"36":3,"37":5,"38":5,"39":0,"40":0,"41":0,"42":0,"43":0,"44":0,"45":0,"46":0,"47":0},"f":{"0":3,"1":3,"2":0,"3":5},"b":{"0":[3,0],"1":[3,3],"2":[0,0],"3":[0,0],"4":[0,3],"5":[3,0],"6":[0,3],"7":[0,3],"8":[3,0],"9":[3,0],"10":[0,0],"11":[0,0],"12":[0,0],"13":[0,0],"14":[0,0],"15":[5,0],"16":[0,0],"17":[0,0],"18":[0,0],"19":[0,0],"20":[0,0]},"meta":{"lastBranch":21,"lastFunction":4,"lastStatement":48,"seen":{"s:2:21:18:Infinity":0,"f:2:21:2:Infinity":0,"s:3:2:12:Infinity":1,"b:6:4:9:Infinity:undefined:undefined:undefined:undefined":0,"s:6:4:9:Infinity":2,"b:6:8:6:46:6:46:6:63":1,"s:8:6:8:Infinity":3,"b:14:2:16:Infinity:undefined:undefined:undefined:undefined":2,"s:14:2:16:Infinity":4,"b:14:6:14:40:14:40:14:53":3,"s:15:4:15:Infinity":5,"s:17:2:17:Infinity":6,"s:24:12:24:Infinity":7,"s:26:28:26:Infinity":8,"b:26:73:26:97:26:97:26:Infinity":4,"s:28:14:28:Infinity":9,"b:28:14:28:35:28:35:28:Infinity":5,"s:29:30:29:Infinity":10,"f:31:9:31:37":1,"b:32:2:32:Infinity:undefined:undefined:undefined:undefined":6,"s:32:2:32:Infinity":11,"s:32:14:32:Infinity":12,"b:33:2:33:Infinity:undefined:undefined:undefined:undefined":7,"s:33:2:33:Infinity":13,"s:33:31:33:Infinity":14,"s:34:8:34:Infinity":15,"b:34:19:34:26:34:26:34:30":8,"b:35:2:35:Infinity:undefined:undefined:undefined:undefined":9,"s:35:2:35:Infinity":16,"s:35:16:35:Infinity":17,"b:36:2:36:Infinity:undefined:undefined:undefined:undefined":10,"s:36:2:36:Infinity":18,"s:36:34:36:Infinity":19,"s:38:2:38:Infinity":20,"s:39:2:41:Infinity":21,"f:44:9:44:29":2,"s:45:8:45:Infinity":22,"b:45:19:45:26:45:26:45:30":11,"b:46:2:46:Infinity:undefined:undefined:undefined:undefined":12,"s:46:2:46:Infinity":23,"s:46:16:46:Infinity":24,"s:47:2:59:Infinity":25,"s:48:14:48:Infinity":26,"s:50:4:50:Infinity":27,"b:52:4:52:Infinity:undefined:undefined:undefined:undefined":13,"s:52:4:52:Infinity":28,"s:52:31:52:Infinity":29,"s:53:4:53:Infinity":30,"s:56:15:56:Infinity":31,"b:57:4:57:Infinity:undefined:undefined:undefined:undefined":14,"s:57:4:57:Infinity":32,"s:57:31:57:Infinity":33,"s:58:4:58:Infinity":34,"s:62:0:62:Infinity":35,"s:64:25:77:Infinity":36,"f:64:25:64:26":3,"b:66:2:66:Infinity:undefined:undefined:undefined:undefined":15,"s:66:2:66:Infinity":37,"s:66:21:66:Infinity":38,"s:69:15:69:Infinity":39,"s:70:23:70:Infinity":40,"b:72:2:73:Infinity:72:50:73:Infinity":16,"s:72:2:73:Infinity":41,"s:72:33:72:Infinity":42,"b:72:50:73:Infinity:undefined:undefined:undefined:undefined":17,"s:72:50:73:Infinity":43,"s:73:47:73:Infinity":44,"b:75:2:75:Infinity:undefined:undefined:undefined:undefined":18,"s:75:2:75:Infinity":45,"b:75:6:75:24:75:24:75:57":19,"s:75:57:75:Infinity":46,"s:76:2:76:Infinity":47,"b:76:26:76:55:76:55:76:Infinity":20}}}
,"/Users/joshuakessell/Projects/ClubOperationsPOS/packages/shared/src/checkoutDelta.ts": {"path":"/Users/joshuakessell/Projects/ClubOperationsPOS/packages/shared/src/checkoutDelta.ts","statementMap":{"0":{"start":{"line":22,"column":16},"end":{"line":22,"column":null}},"1":{"start":{"line":23,"column":16},"end":{"line":23,"column":null}},"2":{"start":{"line":24,"column":38},"end":{"line":24,"column":null}},"3":{"start":{"line":26,"column":21},"end":{"line":26,"column":null}},"4":{"start":{"line":27,"column":33},"end":{"line":27,"column":null}},"5":{"start":{"line":29,"column":16},"end":{"line":29,"column":null}},"6":{"start":{"line":30,"column":18},"end":{"line":30,"column":null}},"7":{"start":{"line":32,"column":2},"end":{"line":32,"column":null}},"8":{"start":{"line":36,"column":17},"end":{"line":36,"column":null}},"9":{"start":{"line":38,"column":2},"end":{"line":41,"column":null}},"10":{"start":{"line":39,"column":14},"end":{"line":39,"column":null}},"11":{"start":{"line":40,"column":4},"end":{"line":40,"column":null}},"12":{"start":{"line":43,"column":2},"end":{"line":43,"column":null}}},"fnMap":{"0":{"name":"computeCheckoutDelta","decl":{"start":{"line":21,"column":16},"end":{"line":21,"column":37}},"loc":{"start":{"line":21,"column":89},"end":{"line":33,"column":null}},"line":21},"1":{"name":"formatCheckoutDelta","decl":{"start":{"line":35,"column":16},"end":{"line":35,"column":36}},"loc":{"start":{"line":35,"column":66},"end":{"line":44,"column":null}},"line":35}},"branchMap":{"0":{"loc":{"start":{"line":24,"column":38},"end":{"line":24,"column":null}},"type":"cond-expr","locations":[{"start":{"line":24,"column":55},"end":{"line":24,"column":69}},{"start":{"line":24,"column":69},"end":{"line":24,"column":null}}],"line":24},"1":{"loc":{"start":{"line":36,"column":17},"end":{"line":36,"column":null}},"type":"cond-expr","locations":[{"start":{"line":36,"column":43},"end":{"line":36,"column":52}},{"start":{"line":36,"column":52},"end":{"line":36,"column":null}}],"line":36},"2":{"loc":{"start":{"line":38,"column":2},"end":{"line":41,"column":null}},"type":"if","locations":[{"start":{"line":38,"column":2},"end":{"line":41,"column":null}},{"start":{},"end":{}}],"line":38},"3":{"loc":{"start":{"line":40,"column":19},"end":{"line":40,"column":49}},"type":"cond-expr","locations":[{"start":{"line":40,"column":29},"end":{"line":40,"column":40}},{"start":{"line":40,"column":40},"end":{"line":40,"column":49}}],"line":40}},"s":{"0":5,"1":5,"2":5,"3":5,"4":5,"5":5,"6":5,"7":5,"8":5,"9":5,"10":3,"11":3,"12":2},"f":{"0":5,"1":5},"b":{"0":[3,2],"1":[2,3],"2":[3,2],"3":[0,3]},"meta":{"lastBranch":4,"lastFunction":2,"lastStatement":13,"seen":{"f:21:16:21:37":0,"s:22:16:22:Infinity":0,"s:23:16:23:Infinity":1,"s:24:38:24:Infinity":2,"b:24:55:24:69:24:69:24:Infinity":0,"s:26:21:26:Infinity":3,"s:27:33:27:Infinity":4,"s:29:16:29:Infinity":5,"s:30:18:30:Infinity":6,"s:32:2:32:Infinity":7,"f:35:16:35:36":1,"s:36:17:36:Infinity":8,"b:36:43:36:52:36:52:36:Infinity":1,"b:38:2:41:Infinity:undefined:undefined:undefined:undefined":2,"s:38:2:41:Infinity":9,"s:39:14:39:Infinity":10,"s:40:4:40:Infinity":11,"b:40:29:40:40:40:40:40:49":3,"s:43:2:43:Infinity":12}}}
,"/Users/joshuakessell/Projects/ClubOperationsPOS/packages/shared/src/customerActivitySchemas.ts": {"path":"/Users/joshuakessell/Projects/ClubOperationsPOS/packages/shared/src/customerActivitySchemas.ts","statementMap":{"0":{"start":{"line":3,"column":19},"end":{"line":3,"column":null}},"1":{"start":{"line":5,"column":47},"end":{"line":5,"column":null}},"2":{"start":{"line":6,"column":47},"end":{"line":11,"column":null}},"3":{"start":{"line":13,"column":52},"end":{"line":21,"column":null}},"4":{"start":{"line":23,"column":48},"end":{"line":36,"column":null}},"5":{"start":{"line":38,"column":43},"end":{"line":55,"column":null}},"6":{"start":{"line":47,"column":4},"end":{"line":54,"column":null}},"7":{"start":{"line":48,"column":6},"end":{"line":50,"column":null}},"8":{"start":{"line":49,"column":8},"end":{"line":49,"column":null}},"9":{"start":{"line":51,"column":6},"end":{"line":53,"column":null}},"10":{"start":{"line":52,"column":8},"end":{"line":52,"column":null}},"11":{"start":{"line":57,"column":49},"end":{"line":61,"column":null}},"12":{"start":{"line":63,"column":25},"end":{"line":63,"column":null}},"13":{"start":{"line":65,"column":47},"end":{"line":206,"column":null}},"14":{"start":{"line":111,"column":23},"end":{"line":111,"column":57}},"15":{"start":{"line":126,"column":23},"end":{"line":126,"column":57}},"16":{"start":{"line":208,"column":31},"end":{"line":221,"column":null}},"17":{"start":{"line":223,"column":43},"end":{"line":235,"column":null}},"18":{"start":{"line":237,"column":39},"end":{"line":240,"column":null}},"19":{"start":{"line":242,"column":40},"end":{"line":246,"column":null}}},"fnMap":{"0":{"name":"(anonymous_0)","decl":{"start":{"line":46,"column":15},"end":{"line":46,"column":16}},"loc":{"start":{"line":46,"column":29},"end":{"line":55,"column":3}},"line":46},"1":{"name":"(anonymous_1)","decl":{"start":{"line":111,"column":14},"end":{"line":111,"column":15}},"loc":{"start":{"line":111,"column":23},"end":{"line":111,"column":57}},"line":111},"2":{"name":"(anonymous_2)","decl":{"start":{"line":126,"column":14},"end":{"line":126,"column":15}},"loc":{"start":{"line":126,"column":23},"end":{"line":126,"column":57}},"line":126}},"branchMap":{"0":{"loc":{"start":{"line":47,"column":4},"end":{"line":54,"column":null}},"type":"if","locations":[{"start":{"line":47,"column":4},"end":{"line":54,"column":null}},{"start":{},"end":{}}],"line":47},"1":{"loc":{"start":{"line":48,"column":6},"end":{"line":50,"column":null}},"type":"if","locations":[{"start":{"line":48,"column":6},"end":{"line":50,"column":null}},{"start":{},"end":{}}],"line":48},"2":{"loc":{"start":{"line":51,"column":6},"end":{"line":53,"column":null}},"type":"if","locations":[{"start":{"line":51,"column":6},"end":{"line":53,"column":null}},{"start":{},"end":{}}],"line":51},"3":{"loc":{"start":{"line":111,"column":23},"end":{"line":111,"column":57}},"type":"binary-expr","locations":[{"start":{"line":111,"column":23},"end":{"line":111,"column":43}},{"start":{"line":111,"column":43},"end":{"line":111,"column":57}}],"line":111},"4":{"loc":{"start":{"line":126,"column":23},"end":{"line":126,"column":57}},"type":"binary-expr","locations":[{"start":{"line":126,"column":23},"end":{"line":126,"column":43}},{"start":{"line":126,"column":43},"end":{"line":126,"column":57}}],"line":126}},"s":{"0":2,"1":2,"2":2,"3":2,"4":2,"5":2,"6":8,"7":6,"8":1,"9":6,"10":1,"11":2,"12":2,"13":2,"14":2,"15":0,"16":2,"17":2,"18":2,"19":2},"f":{"0":8,"1":2,"2":0},"b":{"0":[6,2],"1":[1,5],"2":[1,5],"3":[2,2],"4":[0,0]},"meta":{"lastBranch":5,"lastFunction":3,"lastStatement":20,"seen":{"s:3:19:3:Infinity":0,"s:5:47:5:Infinity":1,"s:6:47:11:Infinity":2,"s:13:52:21:Infinity":3,"s:23:48:36:Infinity":4,"s:38:43:55:Infinity":5,"f:46:15:46:16":0,"b:47:4:54:Infinity:undefined:undefined:undefined:undefined":0,"s:47:4:54:Infinity":6,"b:48:6:50:Infinity:undefined:undefined:undefined:undefined":1,"s:48:6:50:Infinity":7,"s:49:8:49:Infinity":8,"b:51:6:53:Infinity:undefined:undefined:undefined:undefined":2,"s:51:6:53:Infinity":9,"s:52:8:52:Infinity":10,"s:57:49:61:Infinity":11,"s:63:25:63:Infinity":12,"s:65:47:206:Infinity":13,"f:111:14:111:15":1,"s:111:23:111:57":14,"b:111:23:111:43:111:43:111:57":3,"f:126:14:126:15":2,"s:126:23:126:57":15,"b:126:23:126:43:126:43:126:57":4,"s:208:31:221:Infinity":16,"s:223:43:235:Infinity":17,"s:237:39:240:Infinity":18,"s:242:40:246:Infinity":19}}}
,"/Users/joshuakessell/Projects/ClubOperationsPOS/packages/shared/src/enums.ts": {"path":"/Users/joshuakessell/Projects/ClubOperationsPOS/packages/shared/src/enums.ts","statementMap":{"0":{"start":{"line":6,"column":7},"end":{"line":6,"column":null}},"1":{"start":{"line":7,"column":2},"end":{"line":7,"column":null}},"2":{"start":{"line":8,"column":2},"end":{"line":8,"column":null}},"3":{"start":{"line":9,"column":2},"end":{"line":9,"column":null}},"4":{"start":{"line":11,"column":2},"end":{"line":11,"column":null}},"5":{"start":{"line":6,"column":12},"end":{"line":6,"column":null}},"6":{"start":{"line":17,"column":7},"end":{"line":17,"column":null}},"7":{"start":{"line":18,"column":2},"end":{"line":18,"column":null}},"8":{"start":{"line":19,"column":2},"end":{"line":19,"column":null}},"9":{"start":{"line":20,"column":2},"end":{"line":20,"column":null}},"10":{"start":{"line":21,"column":2},"end":{"line":21,"column":null}},"11":{"start":{"line":17,"column":12},"end":{"line":17,"column":null}},"12":{"start":{"line":27,"column":7},"end":{"line":27,"column":null}},"13":{"start":{"line":28,"column":2},"end":{"line":28,"column":null}},"14":{"start":{"line":29,"column":2},"end":{"line":29,"column":null}},"15":{"start":{"line":30,"column":2},"end":{"line":30,"column":null}},"16":{"start":{"line":27,"column":12},"end":{"line":27,"column":null}},"17":{"start":{"line":38,"column":7},"end":{"line":38,"column":null}},"18":{"start":{"line":39,"column":2},"end":{"line":39,"column":null}},"19":{"start":{"line":40,"column":2},"end":{"line":40,"column":null}},"20":{"start":{"line":38,"column":12},"end":{"line":38,"column":null}},"21":{"start":{"line":46,"column":7},"end":{"line":46,"column":null}},"22":{"start":{"line":47,"column":2},"end":{"line":47,"column":null}},"23":{"start":{"line":48,"column":2},"end":{"line":48,"column":null}},"24":{"start":{"line":49,"column":2},"end":{"line":49,"column":null}},"25":{"start":{"line":50,"column":2},"end":{"line":50,"column":null}},"26":{"start":{"line":51,"column":2},"end":{"line":51,"column":null}},"27":{"start":{"line":46,"column":12},"end":{"line":46,"column":null}}},"fnMap":{"0":{"name":"(anonymous_0)","decl":{"start":{"line":6,"column":7},"end":{"line":6,"column":12}},"loc":{"start":{"line":6,"column":7},"end":{"line":6,"column":null}},"line":6},"1":{"name":"(anonymous_1)","decl":{"start":{"line":17,"column":7},"end":{"line":17,"column":12}},"loc":{"start":{"line":17,"column":7},"end":{"line":17,"column":null}},"line":17},"2":{"name":"(anonymous_2)","decl":{"start":{"line":27,"column":7},"end":{"line":27,"column":12}},"loc":{"start":{"line":27,"column":7},"end":{"line":27,"column":null}},"line":27},"3":{"name":"(anonymous_3)","decl":{"start":{"line":38,"column":7},"end":{"line":38,"column":12}},"loc":{"start":{"line":38,"column":7},"end":{"line":38,"column":null}},"line":38},"4":{"name":"(anonymous_4)","decl":{"start":{"line":46,"column":7},"end":{"line":46,"column":12}},"loc":{"start":{"line":46,"column":7},"end":{"line":46,"column":null}},"line":46}},"branchMap":{"0":{"loc":{"start":{"line":6,"column":12},"end":{"line":6,"column":null}},"type":"binary-expr","locations":[{"start":{"line":6,"column":12},"end":{"line":6,"column":null}},{"start":{"line":6,"column":12},"end":{"line":6,"column":null}}],"line":6},"1":{"loc":{"start":{"line":17,"column":12},"end":{"line":17,"column":null}},"type":"binary-expr","locations":[{"start":{"line":17,"column":12},"end":{"line":17,"column":null}},{"start":{"line":17,"column":12},"end":{"line":17,"column":null}}],"line":17},"2":{"loc":{"start":{"line":27,"column":12},"end":{"line":27,"column":null}},"type":"binary-expr","locations":[{"start":{"line":27,"column":12},"end":{"line":27,"column":null}},{"start":{"line":27,"column":12},"end":{"line":27,"column":null}}],"line":27},"3":{"loc":{"start":{"line":38,"column":12},"end":{"line":38,"column":null}},"type":"binary-expr","locations":[{"start":{"line":38,"column":12},"end":{"line":38,"column":null}},{"start":{"line":38,"column":12},"end":{"line":38,"column":null}}],"line":38},"4":{"loc":{"start":{"line":46,"column":12},"end":{"line":46,"column":null}},"type":"binary-expr","locations":[{"start":{"line":46,"column":12},"end":{"line":46,"column":null}},{"start":{"line":46,"column":12},"end":{"line":46,"column":null}}],"line":46}},"s":{"0":2,"1":2,"2":2,"3":2,"4":2,"5":2,"6":2,"7":2,"8":2,"9":2,"10":2,"11":2,"12":2,"13":2,"14":2,"15":2,"16":2,"17":2,"18":2,"19":2,"20":2,"21":2,"22":2,"23":2,"24":2,"25":2,"26":2,"27":2},"f":{"0":2,"1":2,"2":2,"3":2,"4":2},"b":{"0":[2,2],"1":[2,2],"2":[2,2],"3":[2,2],"4":[2,2]},"meta":{"lastBranch":5,"lastFunction":5,"lastStatement":28,"seen":{"s:6:7:6:Infinity":0,"f:6:7:6:12":0,"s:7:2:7:Infinity":1,"s:8:2:8:Infinity":2,"s:9:2:9:Infinity":3,"s:11:2:11:Infinity":4,"s:6:12:6:Infinity":5,"b:6:12:6:Infinity:6:12:6:Infinity":0,"s:17:7:17:Infinity":6,"f:17:7:17:12":1,"s:18:2:18:Infinity":7,"s:19:2:19:Infinity":8,"s:20:2:20:Infinity":9,"s:21:2:21:Infinity":10,"s:17:12:17:Infinity":11,"b:17:12:17:Infinity:17:12:17:Infinity":1,"s:27:7:27:Infinity":12,"f:27:7:27:12":2,"s:28:2:28:Infinity":13,"s:29:2:29:Infinity":14,"s:30:2:30:Infinity":15,"s:27:12:27:Infinity":16,"b:27:12:27:Infinity:27:12:27:Infinity":2,"s:38:7:38:Infinity":17,"f:38:7:38:12":3,"s:39:2:39:Infinity":18,"s:40:2:40:Infinity":19,"s:38:12:38:Infinity":20,"b:38:12:38:Infinity:38:12:38:Infinity":3,"s:46:7:46:Infinity":21,"f:46:7:46:12":4,"s:47:2:47:Infinity":22,"s:48:2:48:Infinity":23,"s:49:2:49:Infinity":24,"s:50:2:50:Infinity":25,"s:51:2:51:Infinity":26,"s:46:12:46:Infinity":27,"b:46:12:46:Infinity:46:12:46:Infinity":4}}}
,"/Users/joshuakessell/Projects/ClubOperationsPOS/packages/shared/src/index.ts": {"path":"/Users/joshuakessell/Projects/ClubOperationsPOS/packages/shared/src/index.ts","statementMap":{},"fnMap":{},"branchMap":{},"s":{},"f":{},"b":{},"meta":{"lastBranch":0,"lastFunction":0,"lastStatement":0,"seen":{}}}
,"/Users/joshuakessell/Projects/ClubOperationsPOS/packages/shared/src/inventory.ts": {"path":"/Users/joshuakessell/Projects/ClubOperationsPOS/packages/shared/src/inventory.ts","statementMap":{"0":{"start":{"line":3,"column":40},"end":{"line":5,"column":null}},"1":{"start":{"line":4,"column":2},"end":{"line":4,"column":null}},"2":{"start":{"line":7,"column":37},"end":{"line":7,"column":null}},"3":{"start":{"line":8,"column":35},"end":{"line":8,"column":null}},"4":{"start":{"line":11,"column":40},"end":{"line":11,"column":null}},"5":{"start":{"line":13,"column":35},"end":{"line":13,"column":null}},"6":{"start":{"line":14,"column":36},"end":{"line":14,"column":null}},"7":{"start":{"line":16,"column":29},"end":{"line":16,"column":null}},"8":{"start":{"line":17,"column":24},"end":{"line":17,"column":null}},"9":{"start":{"line":18,"column":25},"end":{"line":18,"column":null}},"10":{"start":{"line":21,"column":2},"end":{"line":21,"column":null}},"11":{"start":{"line":25,"column":2},"end":{"line":25,"column":null}},"12":{"start":{"line":29,"column":2},"end":{"line":29,"column":null}},"13":{"start":{"line":40,"column":2},"end":{"line":42,"column":null}},"14":{"start":{"line":41,"column":4},"end":{"line":41,"column":null}},"15":{"start":{"line":43,"column":2},"end":{"line":43,"column":null}},"16":{"start":{"line":43,"column":24},"end":{"line":43,"column":null}},"17":{"start":{"line":44,"column":2},"end":{"line":44,"column":null}},"18":{"start":{"line":44,"column":23},"end":{"line":44,"column":null}},"19":{"start":{"line":45,"column":2},"end":{"line":45,"column":null}},"20":{"start":{"line":48,"column":38},"end":{"line":51,"column":null}},"21":{"start":{"line":50,"column":12},"end":{"line":50,"column":null}},"22":{"start":{"line":54,"column":52},"end":{"line":54,"column":null}},"23":{"start":{"line":56,"column":64},"end":{"line":59,"column":null}},"24":{"start":{"line":56,"column":89},"end":{"line":59,"column":2}},"25":{"start":{"line":64,"column":0},"end":{"line":68,"column":null}},"26":{"start":{"line":65,"column":2},"end":{"line":67,"column":null}},"27":{"start":{"line":69,"column":0},"end":{"line":73,"column":null}},"28":{"start":{"line":70,"column":2},"end":{"line":72,"column":null}},"29":{"start":{"line":74,"column":0},"end":{"line":78,"column":null}},"30":{"start":{"line":75,"column":2},"end":{"line":76,"column":null}},"31":{"start":{"line":76,"column":4},"end":{"line":76,"column":null}},"32":{"start":{"line":77,"column":2},"end":{"line":77,"column":null}},"33":{"start":{"line":77,"column":31},"end":{"line":77,"column":null}},"34":{"start":{"line":79,"column":0},"end":{"line":83,"column":null}},"35":{"start":{"line":80,"column":2},"end":{"line":81,"column":null}},"36":{"start":{"line":81,"column":4},"end":{"line":81,"column":null}},"37":{"start":{"line":82,"column":2},"end":{"line":82,"column":null}},"38":{"start":{"line":82,"column":30},"end":{"line":82,"column":null}}},"fnMap":{"0":{"name":"(anonymous_0)","decl":{"start":{"line":3,"column":68},"end":{"line":3,"column":69}},"loc":{"start":{"line":4,"column":2},"end":{"line":4,"column":null}},"line":4},"1":{"name":"isExistingRoomNumber","decl":{"start":{"line":20,"column":16},"end":{"line":20,"column":37}},"loc":{"start":{"line":20,"column":57},"end":{"line":22,"column":null}},"line":20},"2":{"name":"isDoubleRoom","decl":{"start":{"line":24,"column":16},"end":{"line":24,"column":29}},"loc":{"start":{"line":24,"column":49},"end":{"line":26,"column":null}},"line":24},"3":{"name":"isSpecialRoom","decl":{"start":{"line":28,"column":16},"end":{"line":28,"column":30}},"loc":{"start":{"line":28,"column":50},"end":{"line":30,"column":null}},"line":28},"4":{"name":"getRoomTierFromNumber","decl":{"start":{"line":39,"column":16},"end":{"line":39,"column":38}},"loc":{"start":{"line":39,"column":59},"end":{"line":46,"column":null}},"line":39},"5":{"name":"(anonymous_5)","decl":{"start":{"line":50,"column":2},"end":{"line":50,"column":3}},"loc":{"start":{"line":50,"column":12},"end":{"line":50,"column":null}},"line":50},"6":{"name":"(anonymous_6)","decl":{"start":{"line":56,"column":81},"end":{"line":56,"column":82}},"loc":{"start":{"line":56,"column":89},"end":{"line":59,"column":2}},"line":56}},"branchMap":{"0":{"loc":{"start":{"line":21,"column":9},"end":{"line":21,"column":null}},"type":"binary-expr","locations":[{"start":{"line":21,"column":9},"end":{"line":21,"column":32}},{"start":{"line":21,"column":32},"end":{"line":21,"column":44}},{"start":{"line":21,"column":44},"end":{"line":21,"column":56}},{"start":{"line":21,"column":56},"end":{"line":21,"column":null}}],"line":21},"1":{"loc":{"start":{"line":40,"column":2},"end":{"line":42,"column":null}},"type":"if","locations":[{"start":{"line":40,"column":2},"end":{"line":42,"column":null}},{"start":{},"end":{}}],"line":40},"2":{"loc":{"start":{"line":43,"column":2},"end":{"line":43,"column":null}},"type":"if","locations":[{"start":{"line":43,"column":2},"end":{"line":43,"column":null}},{"start":{},"end":{}}],"line":43},"3":{"loc":{"start":{"line":44,"column":2},"end":{"line":44,"column":null}},"type":"if","locations":[{"start":{"line":44,"column":2},"end":{"line":44,"column":null}},{"start":{},"end":{}}],"line":44},"4":{"loc":{"start":{"line":64,"column":0},"end":{"line":68,"column":null}},"type":"if","locations":[{"start":{"line":64,"column":0},"end":{"line":68,"column":null}},{"start":{},"end":{}}],"line":64},"5":{"loc":{"start":{"line":69,"column":0},"end":{"line":73,"column":null}},"type":"if","locations":[{"start":{"line":69,"column":0},"end":{"line":73,"column":null}},{"start":{},"end":{}}],"line":69},"6":{"loc":{"start":{"line":75,"column":2},"end":{"line":76,"column":null}},"type":"if","locations":[{"start":{"line":75,"column":2},"end":{"line":76,"column":null}},{"start":{},"end":{}}],"line":75},"7":{"loc":{"start":{"line":77,"column":2},"end":{"line":77,"column":null}},"type":"if","locations":[{"start":{"line":77,"column":2},"end":{"line":77,"column":null}},{"start":{},"end":{}}],"line":77},"8":{"loc":{"start":{"line":80,"column":2},"end":{"line":81,"column":null}},"type":"if","locations":[{"start":{"line":80,"column":2},"end":{"line":81,"column":null}},{"start":{},"end":{}}],"line":80},"9":{"loc":{"start":{"line":82,"column":2},"end":{"line":82,"column":null}},"type":"if","locations":[{"start":{"line":82,"column":2},"end":{"line":82,"column":null}},{"start":{},"end":{}}],"line":82}},"s":{"0":2,"1":216,"2":2,"3":2,"4":2,"5":2,"6":2,"7":2,"8":2,"9":2,"10":248,"11":110,"12":119,"13":121,"14":2,"15":119,"16":9,"17":110,"18":15,"19":95,"20":2,"21":126,"22":2,"23":2,"24":110,"25":2,"26":0,"27":2,"28":0,"29":2,"30":10,"31":0,"32":10,"33":0,"34":2,"35":6,"36":0,"37":6,"38":0},"f":{"0":216,"1":248,"2":110,"3":119,"4":121,"5":126,"6":110},"b":{"0":[248,248,247,247],"1":[2,119],"2":[9,110],"3":[15,95],"4":[0,2],"5":[0,2],"6":[0,10],"7":[0,10],"8":[0,6],"9":[0,6]},"meta":{"lastBranch":10,"lastFunction":7,"lastStatement":39,"seen":{"s:3:40:5:Infinity":0,"f:3:68:3:69":0,"s:4:2:4:Infinity":1,"s:7:37:7:Infinity":2,"s:8:35:8:Infinity":3,"s:11:40:11:Infinity":4,"s:13:35:13:Infinity":5,"s:14:36:14:Infinity":6,"s:16:29:16:Infinity":7,"s:17:24:17:Infinity":8,"s:18:25:18:Infinity":9,"f:20:16:20:37":1,"s:21:2:21:Infinity":10,"b:21:9:21:32:21:32:21:44:21:44:21:56:21:56:21:Infinity":0,"f:24:16:24:29":2,"s:25:2:25:Infinity":11,"f:28:16:28:30":3,"s:29:2:29:Infinity":12,"f:39:16:39:38":4,"b:40:2:42:Infinity:undefined:undefined:undefined:undefined":1,"s:40:2:42:Infinity":13,"s:41:4:41:Infinity":14,"b:43:2:43:Infinity:undefined:undefined:undefined:undefined":2,"s:43:2:43:Infinity":15,"s:43:24:43:Infinity":16,"b:44:2:44:Infinity:undefined:undefined:undefined:undefined":3,"s:44:2:44:Infinity":17,"s:44:23:44:Infinity":18,"s:45:2:45:Infinity":19,"s:48:38:51:Infinity":20,"f:50:2:50:3":5,"s:50:12:50:Infinity":21,"s:54:52:54:Infinity":22,"s:56:64:59:Infinity":23,"f:56:81:56:82":6,"s:56:89:59:2":24,"b:64:0:68:Infinity:undefined:undefined:undefined:undefined":4,"s:64:0:68:Infinity":25,"s:65:2:67:Infinity":26,"b:69:0:73:Infinity:undefined:undefined:undefined:undefined":5,"s:69:0:73:Infinity":27,"s:70:2:72:Infinity":28,"s:74:0:78:Infinity":29,"b:75:2:76:Infinity:undefined:undefined:undefined:undefined":6,"s:75:2:76:Infinity":30,"s:76:4:76:Infinity":31,"b:77:2:77:Infinity:undefined:undefined:undefined:undefined":7,"s:77:2:77:Infinity":32,"s:77:31:77:Infinity":33,"s:79:0:83:Infinity":34,"b:80:2:81:Infinity:undefined:undefined:undefined:undefined":8,"s:80:2:81:Infinity":35,"s:81:4:81:Infinity":36,"b:82:2:82:Infinity:undefined:undefined:undefined:undefined":9,"s:82:2:82:Infinity":37,"s:82:30:82:Infinity":38}}}
,"/Users/joshuakessell/Projects/ClubOperationsPOS/packages/shared/src/membership.ts": {"path":"/Users/joshuakessell/Projects/ClubOperationsPOS/packages/shared/src/membership.ts","statementMap":{"0":{"start":{"line":13,"column":16},"end":{"line":13,"column":null}},"1":{"start":{"line":14,"column":2},"end":{"line":14,"column":null}},"2":{"start":{"line":14,"column":26},"end":{"line":14,"column":null}},"3":{"start":{"line":15,"column":12},"end":{"line":15,"column":null}},"4":{"start":{"line":16,"column":12},"end":{"line":16,"column":null}},"5":{"start":{"line":17,"column":12},"end":{"line":17,"column":null}},"6":{"start":{"line":18,"column":2},"end":{"line":18,"column":null}},"7":{"start":{"line":18,"column":73},"end":{"line":18,"column":null}},"8":{"start":{"line":19,"column":13},"end":{"line":19,"column":null}},"9":{"start":{"line":20,"column":13},"end":{"line":20,"column":null}},"10":{"start":{"line":21,"column":2},"end":{"line":21,"column":null}},"11":{"start":{"line":35,"column":4},"end":{"line":35,"column":null}},"12":{"start":{"line":36,"column":2},"end":{"line":36,"column":null}},"13":{"start":{"line":36,"column":18},"end":{"line":36,"column":null}},"14":{"start":{"line":38,"column":21},"end":{"line":38,"column":null}},"15":{"start":{"line":39,"column":2},"end":{"line":39,"column":null}},"16":{"start":{"line":39,"column":72},"end":{"line":39,"column":null}},"17":{"start":{"line":41,"column":16},"end":{"line":41,"column":null}},"18":{"start":{"line":42,"column":2},"end":{"line":42,"column":null}},"19":{"start":{"line":42,"column":22},"end":{"line":42,"column":null}},"20":{"start":{"line":44,"column":2},"end":{"line":44,"column":null}}},"fnMap":{"0":{"name":"endOfDayLocalMsFromYyyyMmDd","decl":{"start":{"line":12,"column":9},"end":{"line":12,"column":37}},"loc":{"start":{"line":12,"column":69},"end":{"line":22,"column":null}},"line":12},"1":{"name":"getCustomerMembershipStatus","decl":{"start":{"line":30,"column":16},"end":{"line":30,"column":null}},"loc":{"start":{"line":33,"column":28},"end":{"line":45,"column":null}},"line":33}},"branchMap":{"0":{"loc":{"start":{"line":14,"column":2},"end":{"line":14,"column":null}},"type":"if","locations":[{"start":{"line":14,"column":2},"end":{"line":14,"column":null}},{"start":{},"end":{}}],"line":14},"1":{"loc":{"start":{"line":18,"column":2},"end":{"line":18,"column":null}},"type":"if","locations":[{"start":{"line":18,"column":2},"end":{"line":18,"column":null}},{"start":{},"end":{}}],"line":18},"2":{"loc":{"start":{"line":18,"column":6},"end":{"line":18,"column":73}},"type":"binary-expr","locations":[{"start":{"line":18,"column":6},"end":{"line":18,"column":29}},{"start":{"line":18,"column":29},"end":{"line":18,"column":52}},{"start":{"line":18,"column":52},"end":{"line":18,"column":73}}],"line":18},"3":{"loc":{"start":{"line":21,"column":9},"end":{"line":21,"column":null}},"type":"cond-expr","locations":[{"start":{"line":21,"column":31},"end":{"line":21,"column":36}},{"start":{"line":21,"column":36},"end":{"line":21,"column":null}}],"line":21},"4":{"loc":{"start":{"line":32,"column":2},"end":{"line":32,"column":null}},"type":"default-arg","locations":[{"start":{"line":32,"column":14},"end":{"line":32,"column":null}}],"line":32},"5":{"loc":{"start":{"line":35,"column":4},"end":{"line":35,"column":null}},"type":"binary-expr","locations":[{"start":{"line":35,"column":4},"end":{"line":35,"column":50}},{"start":{"line":35,"column":50},"end":{"line":35,"column":null}}],"line":35},"6":{"loc":{"start":{"line":36,"column":2},"end":{"line":36,"column":null}},"type":"if","locations":[{"start":{"line":36,"column":2},"end":{"line":36,"column":null}},{"start":{},"end":{}}],"line":36},"7":{"loc":{"start":{"line":39,"column":2},"end":{"line":39,"column":null}},"type":"if","locations":[{"start":{"line":39,"column":2},"end":{"line":39,"column":null}},{"start":{},"end":{}}],"line":39},"8":{"loc":{"start":{"line":39,"column":6},"end":{"line":39,"column":72}},"type":"binary-expr","locations":[{"start":{"line":39,"column":6},"end":{"line":39,"column":40}},{"start":{"line":39,"column":40},"end":{"line":39,"column":72}}],"line":39},"9":{"loc":{"start":{"line":42,"column":2},"end":{"line":42,"column":null}},"type":"if","locations":[{"start":{"line":42,"column":2},"end":{"line":42,"column":null}},{"start":{},"end":{}}],"line":42},"10":{"loc":{"start":{"line":44,"column":9},"end":{"line":44,"column":null}},"type":"cond-expr","locations":[{"start":{"line":44,"column":34},"end":{"line":44,"column":45}},{"start":{"line":44,"column":45},"end":{"line":44,"column":null}}],"line":44}},"s":{"0":3,"1":3,"2":0,"3":3,"4":3,"5":3,"6":3,"7":1,"8":2,"9":2,"10":2,"11":7,"12":7,"13":2,"14":5,"15":5,"16":2,"17":3,"18":3,"19":1,"20":2},"f":{"0":3,"1":7},"b":{"0":[0,3],"1":[1,2],"2":[3,2,2],"3":[2,0],"4":[7],"5":[7,6],"6":[2,5],"7":[2,3],"8":[5,4],"9":[1,2],"10":[1,1]},"meta":{"lastBranch":11,"lastFunction":2,"lastStatement":21,"seen":{"f:12:9:12:37":0,"s:13:16:13:Infinity":0,"b:14:2:14:Infinity:undefined:undefined:undefined:undefined":0,"s:14:2:14:Infinity":1,"s:14:26:14:Infinity":2,"s:15:12:15:Infinity":3,"s:16:12:16:Infinity":4,"s:17:12:17:Infinity":5,"b:18:2:18:Infinity:undefined:undefined:undefi
[...]
ne":583,"column":null}},{"start":{"line":584,"column":4},"end":{"line":585,"column":null}},{"start":{"line":586,"column":4},"end":{"line":587,"column":null}},{"start":{"line":588,"column":4},"end":{"line":589,"column":null}},{"start":{"line":590,"column":4},"end":{"line":592,"column":null}}],"line":547}},"s":{"0":2,"1":2,"2":2,"3":2,"4":2,"5":2,"6":0,"7":0,"8":0,"9":0,"10":2,"11":8,"12":8,"13":8,"14":8,"15":8,"16":8,"17":8,"18":8,"19":8,"20":8,"21":8,"22":8,"23":8,"24":8,"25":8,"26":8,"27":8,"28":8,"29":8,"30":8,"31":8,"32":8,"33":8,"34":8,"35":8,"36":8,"37":8,"38":8,"39":8,"40":8,"41":8,"42":8,"43":2,"44":2,"45":2,"46":2,"47":2,"48":2,"49":2,"50":2,"51":2,"52":2,"53":2,"54":2,"55":2,"56":2,"57":2,"58":2,"59":2,"60":2,"61":2,"62":2,"63":2,"64":2,"65":2,"66":13,"67":13,"68":4,"69":9,"70":9,"71":8,"72":8,"73":1,"74":7,"75":9,"76":2,"77":0,"78":1,"79":0,"80":0,"81":0,"82":0,"83":0,"84":0,"85":1,"86":0,"87":0,"88":1,"89":0,"90":0,"91":0,"92":1,"93":1,"94":0,"95":0,"96":1,"97":1},"f":{"0":0,"1":8,"2":8,"3":8,"4":8,"5":8,"6":8,"7":8,"8":8,"9":8,"10":8,"11":8,"12":8,"13":8,"14":8,"15":8,"16":8,"17":8,"18":8,"19":8,"20":8,"21":8,"22":8,"23":8,"24":8,"25":8,"26":8,"27":8,"28":8,"29":8,"30":8,"31":8,"32":8,"33":13,"34":8},"b":{"0":[0,0],"1":[0,0],"2":[1,7],"3":[1,7],"4":[0,8],"5":[0,8],"6":[0,8],"7":[0,8],"8":[0,8],"9":[0,8],"10":[0,8],"11":[0,8],"12":[0,8],"13":[0,8],"14":[0,8],"15":[0,8],"16":[0,8],"17":[1,7],"18":[0,8],"19":[0,8],"20":[0,8],"21":[0,8],"22":[0,8],"23":[0,8],"24":[0,8],"25":[0,8],"26":[0,8],"27":[0,8],"28":[0,8],"29":[0,8],"30":[0,8],"31":[0,8],"32":[0,8],"33":[0,8],"34":[4,9],"35":[1,7],"36":[2,0,1,0,0,0,0,0,0,1,0,0,1,0,0,0,1,1,0,0,1,1]},"meta":{"lastBranch":37,"lastFunction":35,"lastStatement":98,"seen":{"s:33:32:37:Infinity":0,"s:39:29:39:Infinity":1,"s:40:58:48:Infinity":2,"s:49:60:49:Infinity":3,"s:50:72:54:Infinity":4,"s:56:85:75:Infinity":5,"f:66:8:66:9":0,"s:67:23:67:Infinity":6,"b:68:10:68:Infinity:undefined:undefined:undefined:undefined":0,"s:68:10:68:Infinity":7,"b:68:14:68:36:68:36:68:51":1,"s:68:51:68:Infinity":8,"s:69:10:69:Infinity":9,"s:82:2:213:Infinity":10,"f:85:31:85:32":1,"s:85:39:85:68":11,"b:85:52:85:64:85:64:85:68":2,"f:88:37:88:38":2,"s:88:45:88:74":12,"b:88:58:88:70:88:70:88:74":3,"f:90:8:90:9":3,"s:90:16:90:Infinity":13,"b:90:29:90:41:90:41:90:Infinity":4,"f:95:8:95:9":4,"s:95:16:95:Infinity":14,"b:95:29:95:41:95:41:95:Infinity":5,"f:98:40:98:41":5,"s:98:48:98:77":15,"b:98:61:98:73:98:73:98:77":6,"f:103:8:103:9":6,"s:103:16:103:Infinity":16,"b:103:29:103:41:103:41:103:Infinity":7,"f:106:32:106:33":7,"s:106:40:106:69":17,"b:106:53:106:65:106:65:106:69":8,"f:107:28:107:29":8,"s:107:36:107:65":18,"b:107:49:107:61:107:61:107:65":9,"f:108:40:108:41":9,"s:108:48:108:77":19,"b:108:61:108:73:108:73:108:77":10,"f:110:8:110:9":10,"s:110:16:110:Infinity":20,"b:110:29:110:41:110:41:110:Infinity":11,"f:113:37:113:38":11,"s:113:45:113:74":21,"b:113:58:113:70:113:70:113:74":12,"f:115:8:115:9":12,"s:115:16:115:Infinity":22,"b:115:29:115:41:115:41:115:Infinity":13,"f:119:8:119:9":13,"s:119:16:119:Infinity":23,"b:119:29:119:41:119:41:119:Infinity":14,"f:122:27:122:28":14,"s:122:35:122:64":24,"b:122:48:122:60:122:60:122:64":15,"f:123:39:123:40":15,"s:123:47:123:76":25,"b:123:60:123:72:123:72:123:76":16,"f:128:8:128:9":16,"s:128:16:128:Infinity":26,"b:128:29:128:41:128:41:128:Infinity":17,"f:131:32:131:33":17,"s:131:40:131:69":27,"b:131:53:131:65:131:65:131:69":18,"f:132:40:132:41":18,"s:132:48:132:77":28,"b:132:61:132:73:132:73:132:77":19,"f:133:37:133:38":19,"s:133:45:133:74":29,"b:133:58:133:70:133:70:133:74":20,"f:134:40:134:41":20,"s:134:48:134:77":30,"b:134:61:134:73:134:73:134:77":21,"f:136:8:136:9":21,"s:136:16:136:Infinity":31,"b:136:29:136:41:136:41:136:Infinity":22,"f:140:8:140:9":22,"s:140:16:140:Infinity":32,"b:140:29:140:41:140:41:140:Infinity":23,"f:144:8:144:9":23,"s:144:16:144:Infinity":33,"b:144:29:144:41:144:41:144:Infinity":24,"f:149:8:149:9":24,"s:149:16:149:Infinity":34,"b:149:29:149:41:149:41:149:Infinity":25,"f:155:36:155:37":25,"s:155:44:155:73":35,"b:155:57:155:69:155:69:155:73":26,"f:168:8:168:9":26,"s:168:16:168:Infinity":36,"b:168:29:168:41:168:41:168:Infinity":27,"f:185:8:185:9":27,"s:185:16:185:Infinity":37,"b:185:29:185:41:185:41:185:Infinity":28,"f:188:31:188:32":28,"s:188:39:188:68":38,"b:188:52:188:64:188:64:188:68":29,"f:190:8:190:9":29,"s:190:16:190:Infinity":39,"b:190:29:190:41:190:41:190:Infinity":30,"f:204:8:204:9":30,"s:204:16:204:Infinity":40,"b:204:29:204:41:204:41:204:Infinity":31,"f:208:8:208:9":31,"s:208:16:208:Infinity":41,"b:208:29:208:41:208:41:208:Infinity":32,"f:211:38:211:39":32,"s:211:46:211:75":42,"b:211:59:211:71:211:71:211:75":33,"s:215:97:222:Infinity":43,"s:224:83:230:Infinity":44,"s:232:79:239:Infinity":45,"s:241:79:247:Infinity":46,"s:249:91:254:Infinity":47,"s:257:2:264:Infinity":48,"s:266:83:272:Infinity":49,"s:274:81:279:Infinity":50,"s:281:83:290:Infinity":51,"s:292:81:299:Infinity":52,"s:301:31:306:Infinity":53,"s:307:62:318:Infinity":54,"s:319:81:344:Infinity":55,"s:346:79:356:Infinity":56,"s:358:89:367:Infinity":57,"s:369:87:377:Infinity":58,"s:379:83:388:Infinity":59,"s:390:79:405:Infinity":60,"s:407:83:411:Infinity":61,"s:413:79:418:Infinity":62,"s:420:79:426:Infinity":63,"s:428:83:434:Infinity":64,"s:436:44:443:Infinity":65,"f:535:16:535:39":33,"s:536:15:536:Infinity":66,"b:537:2:537:Infinity:undefined:undefined:undefined:undefined":34,"s:537:2:537:Infinity":67,"s:537:21:537:Infinity":68,"s:539:39:539:Infinity":69,"s:541:15:545:Infinity":70,"f:541:15:541:19":34,"s:542:19:542:Infinity":71,"b:543:4:543:Infinity:undefined:undefined:undefined:undefined":35,"s:543:4:543:Infinity":72,"s:543:25:543:Infinity":73,"s:544:4:544:Infinity":74,"b:548:4:549:Infinity:550:4:551:Infinity:552:4:553:Infinity:554:4:555:Infinity:556:4:557:Infinity:558:4:559:Infinity:560:4:561:Infinity:562:4:563:Infinity:564:4:565:Infinity:566:4:567:Infinity:568:4:569:Infinity:570:4:571:Infinity:572:4:573:Infinity:574:4:575:Infinity:576:4:577:Infinity:578:4:579:Infinity:580:4:581:Infinity:582:4:583:Infinity:584:4:585:Infinity:586:4:587:Infinity:588:4:589:Infinity:590:4:592:Infinity":36,"s:547:2:593:Infinity":75,"s:549:6:549:Infinity":76,"s:551:6:551:Infinity":77,"s:553:6:553:Infinity":78,"s:555:6:555:Infinity":79,"s:557:6:557:Infinity":80,"s:559:6:559:Infinity":81,"s:561:6:561:Infinity":82,"s:563:6:563:Infinity":83,"s:565:6:565:Infinity":84,"s:567:6:567:Infinity":85,"s:569:6:569:Infinity":86,"s:571:6:571:Infinity":87,"s:573:6:573:Infinity":88,"s:575:6:575:Infinity":89,"s:577:6:577:Infinity":90,"s:579:6:579:Infinity":91,"s:581:6:581:Infinity":92,"s:583:6:583:Infinity":93,"s:585:6:585:Infinity":94,"s:587:6:587:Infinity":95,"s:589:6:589:Infinity":96,"s:592:6:592:Infinity":97}}}
,"/Users/joshuakessell/Projects/ClubOperationsPOS/packages/shared/src/schemas.ts": {"path":"/Users/joshuakessell/Projects/ClubOperationsPOS/packages/shared/src/schemas.ts","statementMap":{"0":{"start":{"line":7,"column":32},"end":{"line":7,"column":null}},"1":{"start":{"line":12,"column":30},"end":{"line":12,"column":null}},"2":{"start":{"line":17,"column":26},"end":{"line":26,"column":null}},"3":{"start":{"line":31,"column":38},"end":{"line":36,"column":null}},"4":{"start":{"line":41,"column":38},"end":{"line":46,"column":null}},"5":{"start":{"line":51,"column":39},"end":{"line":56,"column":null}},"6":{"start":{"line":58,"column":36},"end":{"line":58,"column":null}},"7":{"start":{"line":64,"column":35},"end":{"line":87,"column":null}},"8":{"start":{"line":81,"column":6},"end":{"line":81,"column":null}}},"fnMap":{"0":{"name":"(anonymous_0)","decl":{"start":{"line":79,"column":4},"end":{"line":79,"column":5}},"loc":{"start":{"line":79,"column":14},"end":{"line":82,"column":null}},"line":79}},"branchMap":{"0":{"loc":{"start":{"line":81,"column":16},"end":{"line":81,"column":null}},"type":"binary-expr","locations":[{"start":{"line":81,"column":16},"end":{"line":81,"column":28}},{"start":{"line":81,"column":28},"end":{"line":81,"column":46}},{"start":{"line":81,"column":46},"end":{"line":81,"column":64}},{"start":{"line":81,"column":64},"end":{"line":81,"column":82}},{"start":{"line":81,"column":82},"end":{"line":81,"column":null}}],"line":81}},"s":{"0":1,"1":1,"2":1,"3":1,"4":1,"5":1,"6":1,"7":1,"8":0},"f":{"0":0},"b":{"0":[0,0,0,0,0]},"meta":{"lastBranch":1,"lastFunction":1,"lastStatement":9,"seen":{"s:7:32:7:Infinity":0,"s:12:30:12:Infinity":1,"s:17:26:26:Infinity":2,"s:31:38:36:Infinity":3,"s:41:38:46:Infinity":4,"s:51:39:56:Infinity":5,"s:58:36:58:Infinity":6,"s:64:35:87:Infinity":7,"f:79:4:79:5":0,"s:81:6:81:Infinity":8,"b:81:16:81:28:81:28:81:46:81:46:81:64:81:64:81:82:81:82:81:Infinity":0}}}
,"/Users/joshuakessell/Projects/ClubOperationsPOS/packages/shared/src/storageKeys.ts": {"path":"/Users/joshuakessell/Projects/ClubOperationsPOS/packages/shared/src/storageKeys.ts","statementMap":{"0":{"start":{"line":7,"column":36},"end":{"line":11,"column":null}},"1":{"start":{"line":13,"column":43},"end":{"line":17,"column":null}},"2":{"start":{"line":20,"column":2},"end":{"line":24,"column":null}},"3":{"start":{"line":21,"column":4},"end":{"line":21,"column":null}},"4":{"start":{"line":23,"column":4},"end":{"line":23,"column":null}},"5":{"start":{"line":28,"column":2},"end":{"line":32,"column":null}},"6":{"start":{"line":29,"column":4},"end":{"line":29,"column":null}},"7":{"start":{"line":36,"column":2},"end":{"line":40,"column":null}},"8":{"start":{"line":37,"column":4},"end":{"line":37,"column":null}},"9":{"start":{"line":48,"column":25},"end":{"line":48,"column":null}},"10":{"start":{"line":49,"column":2},"end":{"line":54,"column":null}},"11":{"start":{"line":50,"column":4},"end":{"line":52,"column":null}},"12":{"start":{"line":51,"column":6},"end":{"line":51,"column":null}},"13":{"start":{"line":51,"column":30},"end":{"line":51,"column":null}},"14":{"start":{"line":53,"column":4},"end":{"line":53,"column":null}},"15":{"start":{"line":56,"column":2},"end":{"line":64,"column":null}},"16":{"start":{"line":57,"column":24},"end":{"line":57,"column":null}},"17":{"start":{"line":58,"column":4},"end":{"line":58,"column":null}},"18":{"start":{"line":58,"column":22},"end":{"line":58,"column":null}},"19":{"start":{"line":59,"column":4},"end":{"line":59,"column":null}},"20":{"start":{"line":60,"column":4},"end":{"line":62,"column":null}},"21":{"start":{"line":61,"column":6},"end":{"line":61,"column":null}},"22":{"start":{"line":61,"column":30},"end":{"line":61,"column":null}},"23":{"start":{"line":63,"column":4},"end":{"line":63,"column":null}},"24":{"start":{"line":66,"column":2},"end":{"line":66,"column":null}},"25":{"start":{"line":75,"column":2},"end":{"line":75,"column":null}},"26":{"start":{"line":76,"column":2},"end":{"line":78,"column":null}},"27":{"start":{"line":77,"column":4},"end":{"line":77,"column":null}},"28":{"start":{"line":77,"column":28},"end":{"line":77,"column":null}},"29":{"start":{"line":86,"column":2},"end":{"line":86,"column":null}},"30":{"start":{"line":87,"column":2},"end":{"line":89,"column":null}},"31":{"start":{"line":88,"column":4},"end":{"line":88,"column":null}},"32":{"start":{"line":88,"column":28},"end":{"line":88,"column":null}}},"fnMap":{"0":{"name":"safeGet","decl":{"start":{"line":19,"column":9},"end":{"line":19,"column":17}},"loc":{"start":{"line":19,"column":67},"end":{"line":25,"column":null}},"line":19},"1":{"name":"safeSet","decl":{"start":{"line":27,"column":9},"end":{"line":27,"column":17}},"loc":{"start":{"line":27,"column":73},"end":{"line":33,"column":null}},"line":27},"2":{"name":"safeRemove","decl":{"start":{"line":35,"column":9},"end":{"line":35,"column":20}},"loc":{"start":{"line":35,"column":61},"end":{"line":41,"column":null}},"line":35},"3":{"name":"readStorageValueWithMigration","decl":{"start":{"line":43,"column":16},"end":{"line":43,"column":null}},"loc":{"start":{"line":47,"column":17},"end":{"line":67,"column":null}},"line":47},"4":{"name":"(anonymous_4)","decl":{"start":{"line":50,"column":23},"end":{"line":50,"column":24}},"loc":{"start":{"line":50,"column":30},"end":{"line":52,"column":5}},"line":50},"5":{"name":"(anonymous_5)","decl":{"start":{"line":60,"column":23},"end":{"line":60,"column":24}},"loc":{"start":{"line":60,"column":30},"end":{"line":62,"column":5}},"line":60},"6":{"name":"writeStorageValue","decl":{"start":{"line":69,"column":16},"end":{"line":69,"column":null}},"loc":{"start":{"line":74,"column":8},"end":{"line":79,"column":null}},"line":74},"7":{"name":"(anonymous_7)","decl":{"start":{"line":76,"column":21},"end":{"line":76,"column":22}},"loc":{"start":{"line":76,"column":28},"end":{"line":78,"column":3}},"line":76},"8":{"name":"clearStorageValue","decl":{"start":{"line":81,"column":16},"end":{"line":81,"column":null}},"loc":{"start":{"line":85,"column":8},"end":{"line":90,"column":null}},"line":85},"9":{"name":"(anonymous_9)","decl":{"start":{"line":87,"column":21},"end":{"line":87,"column":22}},"loc":{"start":{"line":87,"column":28},"end":{"line":89,"column":3}},"line":87}},"branchMap":{"0":{"loc":{"start":{"line":49,"column":2},"end":{"line":54,"column":null}},"type":"if","locations":[{"start":{"line":49,"column":2},"end":{"line":54,"column":null}},{"start":{},"end":{}}],"line":49},"1":{"loc":{"start":{"line":51,"column":6},"end":{"line":51,"column":null}},"type":"if","locations":[{"start":{"line":51,"column":6},"end":{"line":51,"column":null}},{"start":{},"end":{}}],"line":51},"2":{"loc":{"start":{"line":58,"column":4},"end":{"line":58,"column":null}},"type":"if","locations":[{"start":{"line":58,"column":4},"end":{"line":58,"column":null}},{"start":{},"end":{}}],"line":58},"3":{"loc":{"start":{"line":61,"column":6},"end":{"line":61,"column":null}},"type":"if","locations":[{"start":{"line":61,"column":6},"end":{"line":61,"column":null}},{"start":{},"end":{}}],"line":61},"4":{"loc":{"start":{"line":73,"column":2},"end":{"line":73,"column":null}},"type":"default-arg","locations":[{"start":{"line":73,"column":34},"end":{"line":73,"column":null}}],"line":73},"5":{"loc":{"start":{"line":77,"column":4},"end":{"line":77,"column":null}},"type":"if","locations":[{"start":{"line":77,"column":4},"end":{"line":77,"column":null}},{"start":{},"end":{}}],"line":77},"6":{"loc":{"start":{"line":84,"column":2},"end":{"line":84,"column":null}},"type":"default-arg","locations":[{"start":{"line":84,"column":34},"end":{"line":84,"column":null}}],"line":84},"7":{"loc":{"start":{"line":88,"column":4},"end":{"line":88,"column":null}},"type":"if","locations":[{"start":{"line":88,"column":4},"end":{"line":88,"column":null}},{"start":{},"end":{}}],"line":88}},"s":{"0":2,"1":2,"2":10,"3":10,"4":1,"5":5,"6":5,"7":11,"8":11,"9":6,"10":6,"11":2,"12":2,"13":2,"14":2,"15":4,"16":4,"17":4,"18":2,"19":2,"20":2,"21":3,"22":3,"23":2,"24":2,"25":3,"26":3,"27":3,"28":2,"29":3,"30":3,"31":1,"32":1},"f":{"0":10,"1":5,"2":11,"3":6,"4":2,"5":3,"6":3,"7":3,"8":3,"9":1},"b":{"0":[2,4],"1":[2,0],"2":[2,2],"3":[3,0],"4":[3],"5":[2,1],"6":[3],"7":[1,0]},"meta":{"lastBranch":8,"lastFunction":10,"lastStatement":33,"seen":{"s:7:36:11:Infinity":0,"s:13:43:17:Infinity":1,"f:19:9:19:17":0,"s:20:2:24:Infinity":2,"s:21:4:21:Infinity":3,"s:23:4:23:Infinity":4,"f:27:9:27:17":1,"s:28:2:32:Infinity":5,"s:29:4:29:Infinity":6,"f:35:9:35:20":2,"s:36:2:40:Infinity":7,"s:37:4:37:Infinity":8,"f:43:16:43:Infinity":3,"s:48:25:48:Infinity":9,"b:49:2:54:Infinity:undefined:undefined:undefined:undefined":0,"s:49:2:54:Infinity":10,"s:50:4:52:Infinity":11,"f:50:23:50:24":4,"b:51:6:51:Infinity:undefined:undefined:undefined:undefined":1,"s:51:6:51:Infinity":12,"s:51:30:51:Infinity":13,"s:53:4:53:Infinity":14,"s:56:2:64:Infinity":15,"s:57:24:57:Infinity":16,"b:58:4:58:Infinity:undefined:undefined:undefined:undefined":2,"s:58:4:58:Infinity":17,"s:58:22:58:Infinity":18,"s:59:4:59:Infinity":19,"s:60:4:62:Infinity":20,"f:60:23:60:24":5,"b:61:6:61:Infinity:undefined:undefined:undefined:undefined":3,"s:61:6:61:Infinity":21,"s:61:30:61:Infinity":22,"s:63:4:63:Infinity":23,"s:66:2:66:Infinity":24,"f:69:16:69:Infinity":6,"b:73:34:73:Infinity":4,"s:75:2:75:Infinity":25,"s:76:2:78:Infinity":26,"f:76:21:76:22":7,"b:77:4:77:Infinity:undefined:undefined:undefined:undefined":5,"s:77:4:77:Infinity":27,"s:77:28:77:Infinity":28,"f:81:16:81:Infinity":8,"b:84:34:84:Infinity":6,"s:86:2:86:Infinity":29,"s:87:2:89:Infinity":30,"f:87:21:87:22":9,"b:88:4:88:Infinity:undefined:undefined:undefined:undefined":7,"s:88:4:88:Infinity":31,"s:88:28:88:Infinity":32}}}
,"/Users/joshuakessell/Projects/ClubOperationsPOS/packages/shared/src/transitions.ts": {"path":"/Users/joshuakessell/Projects/ClubOperationsPOS/packages/shared/src/transitions.ts","statementMap":{"0":{"start":{"line":8,"column":63},"end":{"line":13,"column":null}},"1":{"start":{"line":22,"column":2},"end":{"line":22,"column":null}},"2":{"start":{"line":22,"column":19},"end":{"line":22,"column":null}},"3":{"start":{"line":23,"column":23},"end":{"line":23,"column":null}},"4":{"start":{"line":24,"column":2},"end":{"line":24,"column":null}},"5":{"start":{"line":45,"column":2},"end":{"line":47,"column":null}},"6":{"start":{"line":46,"column":4},"end":{"line":46,"column":null}},"7":{"start":{"line":50,"column":2},"end":{"line":52,"column":null}},"8":{"start":{"line":51,"column":4},"end":{"line":51,"column":null}},"9":{"start":{"line":55,"column":2},"end":{"line":57,"column":null}},"10":{"start":{"line":56,"column":4},"end":{"line":56,"column":null}},"11":{"start":{"line":60,"column":2},"end":{"line":60,"column":null}}},"fnMap":{"0":{"name":"isAdjacentTransition","decl":{"start":{"line":21,"column":16},"end":{"line":21,"column":37}},"loc":{"start":{"line":21,"column":80},"end":{"line":25,"column":null}},"line":21},"1":{"name":"validateTransition","decl":{"start":{"line":39,"column":16},"end":{"line":39,"column":null}},"loc":{"start":{"line":43,"column":20},"end":{"line":61,"column":null}},"line":43}},"branchMap":{"0":{"loc":{"start":{"line":22,"column":2},"end":{"line":22,"column":null}},"type":"if","locations":[{"start":{"line":22,"column":2},"end":{"line":22,"column":null}},{"start":{},"end":{}}],"line":22},"1":{"loc":{"start":{"line":24,"column":9},"end":{"line":24,"column":null}},"type":"binary-expr","locations":[{"start":{"line":24,"column":9},"end":{"line":24,"column":39}},{"start":{"line":24,"column":39},"end":{"line":24,"column":null}}],"line":24},"2":{"loc":{"start":{"line":42,"column":2},"end":{"line":42,"column":null}},"type":"default-arg","locations":[{"start":{"line":42,"column":22},"end":{"line":42,"column":null}}],"line":42},"3":{"loc":{"start":{"line":45,"column":2},"end":{"line":47,"column":null}},"type":"if","locations":[{"start":{"line":45,"column":2},"end":{"line":47,"column":null}},{"start":{},"end":{}}],"line":45},"4":{"loc":{"start":{"line":50,"column":2},"end":{"line":52,"column":null}},"type":"if","locations":[{"start":{"line":50,"column":2},"end":{"line":52,"column":null}},{"start":{},"end":{}}],"line":50},"5":{"loc":{"start":{"line":55,"column":2},"end":{"line":57,"column":null}},"type":"if","locations":[{"start":{"line":55,"column":2},"end":{"line":57,"column":null}},{"start":{},"end":{}}],"line":55}},"s":{"0":1,"1":12,"2":3,"3":9,"4":9,"5":4,"6":1,"7":3,"8":1,"9":2,"10":1,"11":1},"f":{"0":12,"1":4},"b":{"0":[3,9],"1":[9,0],"2":[4],"3":[1,3],"4":[1,2],"5":[1,1]},"meta":{"lastBranch":6,"lastFunction":2,"lastStatement":12,"seen":{"s:8:63:13:Infinity":0,"f:21:16:21:37":0,"b:22:2:22:Infinity:undefined:undefined:undefined:undefined":0,"s:22:2:22:Infinity":1,"s:22:19:22:Infinity":2,"s:23:23:23:Infinity":3,"s:24:2:24:Infinity":4,"b:24:9:24:39:24:39:24:Infinity":1,"f:39:16:39:Infinity":1,"b:42:22:42:Infinity":2,"b:45:2:47:Infinity:undefined:undefined:undefined:undefined":3,"s:45:2:47:Infinity":5,"s:46:4:46:Infinity":6,"b:50:2:52:Infinity:undefined:undefined:undefined:undefined":4,"s:50:2:52:Infinity":7,"s:51:4:51:Infinity":8,"b:55:2:57:Infinity:undefined:undefined:undefined:undefined":5,"s:55:2:57:Infinity":9,"s:56:4:56:Infinity":10,"s:60:2:60:Infinity":11}}}
}
